2017-08-08 20:40:33.887  INFO 16444 --- [           main] s.c.a.AnnotationConfigApplicationContext : Refreshing org.springframework.context.annotation.AnnotationConfigApplicationContext@2c4460a5: startup date [Tue Aug 08 20:40:33 CST 2017]; root of context hierarchy
2017-08-08 20:40:34.063  INFO 16444 --- [           main] trationDelegate$BeanPostProcessorChecker : Bean 'configurationPropertiesRebinderAutoConfiguration' of type [class org.springframework.cloud.autoconfigure.ConfigurationPropertiesRebinderAutoConfiguration$$EnhancerBySpringCGLIB$$92603406] is not eligible for getting processed by all BeanPostProcessors (for example: not eligible for auto-proxying)

  .   ____          _            __ _ _
 /\\ / ___'_ __ _ _(_)_ __  __ _ \ \ \ \
( ( )\___ | '_ | '_| | '_ \/ _` | \ \ \ \
 \\/  ___)| |_)| | | | | || (_| |  ) ) ) )
  '  |____| .__|_| |_|_| |_\__, | / / / /
 =========|_|==============|___/=/_/_/_/
 :: Spring Boot ::        (v1.3.3.RELEASE)

2017-08-08 20:40:34.264  INFO 16444 --- [           main] demo.ConfigApplication                   : No active profile set, falling back to default profiles: default
2017-08-08 20:40:34.279  INFO 16444 --- [           main] ationConfigEmbeddedWebApplicationContext : Refreshing org.springframework.boot.context.embedded.AnnotationConfigEmbeddedWebApplicationContext@30a6365f: startup date [Tue Aug 08 20:40:34 CST 2017]; parent: org.springframework.context.annotation.AnnotationConfigApplicationContext@2c4460a5
2017-08-08 20:40:34.746  INFO 16444 --- [           main] o.s.b.f.s.DefaultListableBeanFactory     : Overriding bean definition for bean 'beanNameViewResolver' with a different definition: replacing [Root bean: class [null]; scope=; abstract=false; lazyInit=false; autowireMode=3; dependencyCheck=0; autowireCandidate=true; primary=false; factoryBeanName=org.springframework.boot.autoconfigure.web.ErrorMvcAutoConfiguration$WhitelabelErrorViewConfiguration; factoryMethodName=beanNameViewResolver; initMethodName=null; destroyMethodName=(inferred); defined in class path resource [org/springframework/boot/autoconfigure/web/ErrorMvcAutoConfiguration$WhitelabelErrorViewConfiguration.class]] with [Root bean: class [null]; scope=; abstract=false; lazyInit=false; autowireMode=3; dependencyCheck=0; autowireCandidate=true; primary=false; factoryBeanName=org.springframework.boot.autoconfigure.web.WebMvcAutoConfiguration$WebMvcAutoConfigurationAdapter; factoryMethodName=beanNameViewResolver; initMethodName=null; destroyMethodName=(inferred); defined in class path resource [org/springframework/boot/autoconfigure/web/WebMvcAutoConfiguration$WebMvcAutoConfigurationAdapter.class]]
2017-08-08 20:40:34.944  INFO 16444 --- [           main] o.s.cloud.context.scope.GenericScope     : BeanFactory id=0683be85-2e44-3016-8f31-d9f3be1b92a7
2017-08-08 20:40:34.976  INFO 16444 --- [           main] trationDelegate$BeanPostProcessorChecker : Bean 'org.springframework.cloud.autoconfigure.ConfigurationPropertiesRebinderAutoConfiguration' of type [class org.springframework.cloud.autoconfigure.ConfigurationPropertiesRebinderAutoConfiguration$$EnhancerBySpringCGLIB$$92603406] is not eligible for getting processed by all BeanPostProcessors (for example: not eligible for auto-proxying)
2017-08-08 20:40:34.982  INFO 16444 --- [           main] trationDelegate$BeanPostProcessorChecker : Bean 'org.springframework.cloud.autoconfigure.RefreshEndpointAutoConfiguration' of type [class org.springframework.cloud.autoconfigure.RefreshEndpointAutoConfiguration$$EnhancerBySpringCGLIB$$c53e2f3c] is not eligible for getting processed by all BeanPostProcessors (for example: not eligible for auto-proxying)
2017-08-08 20:40:35.184  INFO 16444 --- [           main] s.b.c.e.t.TomcatEmbeddedServletContainer : Tomcat initialized with port(s): 8888 (http)
2017-08-08 20:40:35.192  INFO 16444 --- [           main] o.apache.catalina.core.StandardService   : Starting service Tomcat
2017-08-08 20:40:35.193  INFO 16444 --- [           main] org.apache.catalina.core.StandardEngine  : Starting Servlet Engine: Apache Tomcat/8.0.32
2017-08-08 20:40:35.249  INFO 16444 --- [ost-startStop-1] o.a.c.c.C.[Tomcat].[localhost].[/]       : Initializing Spring embedded WebApplicationContext
2017-08-08 20:40:35.249  INFO 16444 --- [ost-startStop-1] o.s.web.context.ContextLoader            : Root WebApplicationContext: initialization completed in 970 ms
2017-08-08 20:40:35.591  INFO 16444 --- [ost-startStop-1] o.s.b.c.e.ServletRegistrationBean        : Mapping servlet: 'dispatcherServlet' to [/]
2017-08-08 20:40:35.597  INFO 16444 --- [ost-startStop-1] o.s.b.c.embedded.FilterRegistrationBean  : Mapping filter: 'metricFilter' to: [/*]
2017-08-08 20:40:35.597  INFO 16444 --- [ost-startStop-1] o.s.b.c.embedded.FilterRegistrationBean  : Mapping filter: 'characterEncodingFilter' to: [/*]
2017-08-08 20:40:35.597  INFO 16444 --- [ost-startStop-1] o.s.b.c.embedded.FilterRegistrationBean  : Mapping filter: 'hiddenHttpMethodFilter' to: [/*]
2017-08-08 20:40:35.598  INFO 16444 --- [ost-startStop-1] o.s.b.c.embedded.FilterRegistrationBean  : Mapping filter: 'httpPutFormContentFilter' to: [/*]
2017-08-08 20:40:35.598  INFO 16444 --- [ost-startStop-1] o.s.b.c.embedded.FilterRegistrationBean  : Mapping filter: 'requestContextFilter' to: [/*]
2017-08-08 20:40:35.598  INFO 16444 --- [ost-startStop-1] o.s.b.c.embedded.FilterRegistrationBean  : Mapping filter: 'webRequestLoggingFilter' to: [/*]
2017-08-08 20:40:35.598  INFO 16444 --- [ost-startStop-1] o.s.b.c.embedded.FilterRegistrationBean  : Mapping filter: 'applicationContextIdFilter' to: [/*]
2017-08-08 20:40:35.900  INFO 16444 --- [           main] s.w.s.m.m.a.RequestMappingHandlerAdapter : Looking for @ControllerAdvice: org.springframework.boot.context.embedded.AnnotationConfigEmbeddedWebApplicationContext@30a6365f: startup date [Tue Aug 08 20:40:34 CST 2017]; parent: org.springframework.context.annotation.AnnotationConfigApplicationContext@2c4460a5
2017-08-08 20:40:35.949  INFO 16444 --- [           main] s.w.s.m.m.a.RequestMappingHandlerMapping : Mapped "{[/encrypt],methods=[POST]}" onto public java.lang.String org.springframework.cloud.config.server.encryption.EncryptionController.encrypt(java.lang.String,org.springframework.http.MediaType)
2017-08-08 20:40:35.949  INFO 16444 --- [           main] s.w.s.m.m.a.RequestMappingHandlerMapping : Mapped "{[/encrypt/{name}/{profiles}],methods=[POST]}" onto public java.lang.String org.springframework.cloud.config.server.encryption.EncryptionController.encrypt(java.lang.String,java.lang.String,java.lang.String,org.springframework.http.MediaType)
2017-08-08 20:40:35.949  INFO 16444 --- [           main] s.w.s.m.m.a.RequestMappingHandlerMapping : Mapped "{[/decrypt/{name}/{profiles}],methods=[POST]}" onto public java.lang.String org.springframework.cloud.config.server.encryption.EncryptionController.decrypt(java.lang.String,java.lang.String,java.lang.String,org.springframework.http.MediaType)
2017-08-08 20:40:35.949  INFO 16444 --- [           main] s.w.s.m.m.a.RequestMappingHandlerMapping : Mapped "{[/decrypt],methods=[POST]}" onto public java.lang.String org.springframework.cloud.config.server.encryption.EncryptionController.decrypt(java.lang.String,org.springframework.http.MediaType)
2017-08-08 20:40:35.949  INFO 16444 --- [           main] s.w.s.m.m.a.RequestMappingHandlerMapping : Mapped "{[/encrypt/status],methods=[GET]}" onto public java.util.Map<java.lang.String, java.lang.Object> org.springframework.cloud.config.server.encryption.EncryptionController.status()
2017-08-08 20:40:35.950  INFO 16444 --- [           main] s.w.s.m.m.a.RequestMappingHandlerMapping : Mapped "{[/key],methods=[GET]}" onto public java.lang.String org.springframework.cloud.config.server.encryption.EncryptionController.getPublicKey()
2017-08-08 20:40:35.950  INFO 16444 --- [           main] s.w.s.m.m.a.RequestMappingHandlerMapping : Mapped "{[/key/{name}/{profiles}],methods=[GET]}" onto public java.lang.String org.springframework.cloud.config.server.encryption.EncryptionController.getPublicKey(java.lang.String,java.lang.String)
2017-08-08 20:40:35.952  INFO 16444 --- [           main] s.w.s.m.m.a.RequestMappingHandlerMapping : Mapped "{[/{name}-{profiles}.yml || /{name}-{profiles}.yaml],methods=[GET]}" onto public org.springframework.http.ResponseEntity<java.lang.String> org.springframework.cloud.config.server.environment.EnvironmentController.yaml(java.lang.String,java.lang.String,boolean) throws java.lang.Exception
2017-08-08 20:40:35.953  INFO 16444 --- [           main] s.w.s.m.m.a.RequestMappingHandlerMapping : Mapped "{[/{name}-{profiles}.properties],methods=[GET]}" onto public org.springframework.http.ResponseEntity<java.lang.String> org.springframework.cloud.config.server.environment.EnvironmentController.properties(java.lang.String,java.lang.String,boolean) throws java.io.IOException
2017-08-08 20:40:35.953  INFO 16444 --- [           main] s.w.s.m.m.a.RequestMappingHandlerMapping : Mapped "{[/{name}/{profiles:.*[^-].*}],methods=[GET]}" onto public org.springframework.cloud.config.environment.Environment org.springframework.cloud.config.server.environment.EnvironmentController.defaultLabel(java.lang.String,java.lang.String)
2017-08-08 20:40:35.953  INFO 16444 --- [           main] s.w.s.m.m.a.RequestMappingHandlerMapping : Mapped "{[/{name}/{profiles}/{label:.*}],methods=[GET]}" onto public org.springframework.cloud.config.environment.Environment org.springframework.cloud.config.server.environment.EnvironmentController.labelled(java.lang.String,java.lang.String,java.lang.String)
2017-08-08 20:40:35.953  INFO 16444 --- [           main] s.w.s.m.m.a.RequestMappingHandlerMapping : Mapped "{[/{label}/{name}-{profiles}.properties],methods=[GET]}" onto public org.springframework.http.ResponseEntity<java.lang.String> org.springframework.cloud.config.server.environment.EnvironmentController.labelledProperties(java.lang.String,java.lang.String,java.lang.String,boolean) throws java.io.IOException
2017-08-08 20:40:35.953  INFO 16444 --- [           main] s.w.s.m.m.a.RequestMappingHandlerMapping : Mapped "{[/{name}-{profiles}.json],methods=[GET]}" onto public org.springframework.http.ResponseEntity<java.lang.String> org.springframework.cloud.config.server.environment.EnvironmentController.jsonProperties(java.lang.String,java.lang.String,boolean) throws java.lang.Exception
2017-08-08 20:40:35.954  INFO 16444 --- [           main] s.w.s.m.m.a.RequestMappingHandlerMapping : Mapped "{[/{label}/{name}-{profiles}.json],methods=[GET]}" onto public org.springframework.http.ResponseEntity<java.lang.String> org.springframework.cloud.config.server.environment.EnvironmentController.labelledJsonProperties(java.lang.String,java.lang.String,java.lang.String,boolean) throws java.lang.Exception
2017-08-08 20:40:35.954  INFO 16444 --- [           main] s.w.s.m.m.a.RequestMappingHandlerMapping : Mapped "{[/{label}/{name}-{profiles}.yml || /{label}/{name}-{profiles}.yaml],methods=[GET]}" onto public org.springframework.http.ResponseEntity<java.lang.String> org.springframework.cloud.config.server.environment.EnvironmentController.labelledYaml(java.lang.String,java.lang.String,java.lang.String,boolean) throws java.lang.Exception
2017-08-08 20:40:35.954  INFO 16444 --- [           main] s.w.s.m.m.a.RequestMappingHandlerMapping : Mapped "{[/{name}/{profile}/{label}/{path:.*}],methods=[GET]}" onto public synchronized java.lang.String org.springframework.cloud.config.server.resource.ResourceController.resolve(java.lang.String,java.lang.String,java.lang.String,java.lang.String) throws java.io.IOException
2017-08-08 20:40:35.954  INFO 16444 --- [           main] s.w.s.m.m.a.RequestMappingHandlerMapping : Mapped "{[/{name}/{profile}/{label}/{path:.*}],methods=[GET],produces=[application/octet-stream]}" onto public synchronized byte[] org.springframework.cloud.config.server.resource.ResourceController.binary(java.lang.String,java.lang.String,java.lang.String,java.lang.String) throws java.io.IOException
2017-08-08 20:40:35.955  INFO 16444 --- [           main] s.w.s.m.m.a.RequestMappingHandlerMapping : Mapped "{[/error]}" onto public org.springframework.http.ResponseEntity<java.util.Map<java.lang.String, java.lang.Object>> org.springframework.boot.autoconfigure.web.BasicErrorController.error(javax.servlet.http.HttpServletRequest)
2017-08-08 20:40:35.955  INFO 16444 --- [           main] s.w.s.m.m.a.RequestMappingHandlerMapping : Mapped "{[/error],produces=[text/html]}" onto public org.springframework.web.servlet.ModelAndView org.springframework.boot.autoconfigure.web.BasicErrorController.errorHtml(javax.servlet.http.HttpServletRequest,javax.servlet.http.HttpServletResponse)
2017-08-08 20:40:35.978  INFO 16444 --- [           main] o.s.w.s.handler.SimpleUrlHandlerMapping  : Mapped URL path [/webjars/**] onto handler of type [class org.springframework.web.servlet.resource.ResourceHttpRequestHandler]
2017-08-08 20:40:35.978  INFO 16444 --- [           main] o.s.w.s.handler.SimpleUrlHandlerMapping  : Mapped URL path [/**] onto handler of type [class org.springframework.web.servlet.resource.ResourceHttpRequestHandler]
2017-08-08 20:40:36.004  INFO 16444 --- [           main] o.s.w.s.handler.SimpleUrlHandlerMapping  : Mapped URL path [/**/favicon.ico] onto handler of type [class org.springframework.web.servlet.resource.ResourceHttpRequestHandler]
2017-08-08 20:40:36.287  INFO 16444 --- [           main] o.s.b.a.e.mvc.EndpointHandlerMapping     : Mapped "{[/refresh || /refresh.json],methods=[POST]}" onto public java.lang.Object org.springframework.cloud.endpoint.GenericPostableMvcEndpoint.invoke()
2017-08-08 20:40:36.288  INFO 16444 --- [           main] o.s.b.a.e.mvc.EndpointHandlerMapping     : Mapped "{[/health || /health.json],produces=[application/json]}" onto public java.lang.Object org.springframework.boot.actuate.endpoint.mvc.HealthMvcEndpoint.invoke(java.security.Principal)
2017-08-08 20:40:36.289  INFO 16444 --- [           main] o.s.b.a.e.mvc.EndpointHandlerMapping     : Mapped "{[/pause || /pause.json],methods=[POST]}" onto public java.lang.Object org.springframework.cloud.endpoint.GenericPostableMvcEndpoint.invoke()
2017-08-08 20:40:36.290  INFO 16444 --- [           main] o.s.b.a.e.mvc.EndpointHandlerMapping     : Mapped "{[/mappings || /mappings.json],methods=[GET],produces=[application/json]}" onto public java.lang.Object org.springframework.boot.actuate.endpoint.mvc.EndpointMvcAdapter.invoke()
2017-08-08 20:40:36.290  INFO 16444 --- [           main] o.s.b.a.e.mvc.EndpointHandlerMapping     : Mapped "{[/resume || /resume.json],methods=[POST]}" onto public java.lang.Object org.springframework.cloud.endpoint.GenericPostableMvcEndpoint.invoke()
2017-08-08 20:40:36.291  INFO 16444 --- [           main] o.s.b.a.e.mvc.EndpointHandlerMapping     : Mapped "{[/trace || /trace.json],methods=[GET],produces=[application/json]}" onto public java.lang.Object org.springframework.boot.actuate.endpoint.mvc.EndpointMvcAdapter.invoke()
2017-08-08 20:40:36.291  INFO 16444 --- [           main] o.s.b.a.e.mvc.EndpointHandlerMapping     : Mapped "{[/env],methods=[POST]}" onto public java.lang.Object org.springframework.cloud.context.environment.EnvironmentManagerMvcEndpoint.value(java.util.Map<java.lang.String, java.lang.String>)
2017-08-08 20:40:36.291  INFO 16444 --- [           main] o.s.b.a.e.mvc.EndpointHandlerMapping     : Mapped "{[/env/reset],methods=[POST]}" onto public java.util.Map<java.lang.String, java.lang.Object> org.springframework.cloud.context.environment.EnvironmentManagerMvcEndpoint.reset()
2017-08-08 20:40:36.291  INFO 16444 --- [           main] o.s.b.a.e.mvc.EndpointHandlerMapping     : Mapped "{[/restart || /restart.json],methods=[POST]}" onto public java.lang.Object org.springframework.cloud.context.restart.RestartMvcEndpoint.invoke()
2017-08-08 20:40:36.292  INFO 16444 --- [           main] o.s.b.a.e.mvc.EndpointHandlerMapping     : Mapped "{[/configprops || /configprops.json],methods=[GET],produces=[application/json]}" onto public java.lang.Object org.springframework.boot.actuate.endpoint.mvc.EndpointMvcAdapter.invoke()
2017-08-08 20:40:36.292  INFO 16444 --- [           main] o.s.b.a.e.mvc.EndpointHandlerMapping     : Mapped "{[/autoconfig || /autoconfig.json],methods=[GET],produces=[application/json]}" onto public java.lang.Object org.springframework.boot.actuate.endpoint.mvc.EndpointMvcAdapter.invoke()
2017-08-08 20:40:36.292  INFO 16444 --- [           main] o.s.b.a.e.mvc.EndpointHandlerMapping     : Mapped "{[/info || /info.json],methods=[GET],produces=[application/json]}" onto public java.lang.Object org.springframework.boot.actuate.endpoint.mvc.EndpointMvcAdapter.invoke()
2017-08-08 20:40:36.292  INFO 16444 --- [           main] o.s.b.a.e.mvc.EndpointHandlerMapping     : Mapped "{[/dump || /dump.json],methods=[GET],produces=[application/json]}" onto public java.lang.Object org.springframework.boot.actuate.endpoint.mvc.EndpointMvcAdapter.invoke()
2017-08-08 20:40:36.293  INFO 16444 --- [           main] o.s.b.a.e.mvc.EndpointHandlerMapping     : Mapped "{[/metrics/{name:.*}],methods=[GET],produces=[application/json]}" onto public java.lang.Object org.springframework.boot.actuate.endpoint.mvc.MetricsMvcEndpoint.value(java.lang.String)
2017-08-08 20:40:36.293  INFO 16444 --- [           main] o.s.b.a.e.mvc.EndpointHandlerMapping     : Mapped "{[/metrics || /metrics.json],methods=[GET],produces=[application/json]}" onto public java.lang.Object org.springframework.boot.actuate.endpoint.mvc.EndpointMvcAdapter.invoke()
2017-08-08 20:40:36.294  INFO 16444 --- [           main] o.s.b.a.e.mvc.EndpointHandlerMapping     : Mapped "{[/env/{name:.*}],methods=[GET],produces=[application/json]}" onto public java.lang.Object org.springframework.boot.actuate.endpoint.mvc.EnvironmentMvcEndpoint.value(java.lang.String)
2017-08-08 20:40:36.294  INFO 16444 --- [           main] o.s.b.a.e.mvc.EndpointHandlerMapping     : Mapped "{[/env || /env.json],methods=[GET],produces=[application/json]}" onto public java.lang.Object org.springframework.boot.actuate.endpoint.mvc.EndpointMvcAdapter.invoke()
2017-08-08 20:40:36.294  INFO 16444 --- [           main] o.s.b.a.e.mvc.EndpointHandlerMapping     : Mapped "{[/beans || /beans.json],methods=[GET],produces=[application/json]}" onto public java.lang.Object org.springframework.boot.actuate.endpoint.mvc.EndpointMvcAdapter.invoke()
2017-08-08 20:40:36.415  INFO 16444 --- [           main] o.s.j.e.a.AnnotationMBeanExporter        : Registering beans for JMX exposure on startup
2017-08-08 20:40:36.424  INFO 16444 --- [           main] o.s.j.e.a.AnnotationMBeanExporter        : Bean with name 'configurationPropertiesRebinder' has been autodetected for JMX exposure
2017-08-08 20:40:36.424  INFO 16444 --- [           main] o.s.j.e.a.AnnotationMBeanExporter        : Bean with name 'refreshEndpoint' has been autodetected for JMX exposure
2017-08-08 20:40:36.425  INFO 16444 --- [           main] o.s.j.e.a.AnnotationMBeanExporter        : Bean with name 'restartEndpoint' has been autodetected for JMX exposure
2017-08-08 20:40:36.426  INFO 16444 --- [           main] o.s.j.e.a.AnnotationMBeanExporter        : Bean with name 'refreshScope' has been autodetected for JMX exposure
2017-08-08 20:40:36.427  INFO 16444 --- [           main] o.s.j.e.a.AnnotationMBeanExporter        : Bean with name 'environmentManager' has been autodetected for JMX exposure
2017-08-08 20:40:36.431  INFO 16444 --- [           main] o.s.j.e.a.AnnotationMBeanExporter        : Located managed bean 'environmentManager': registering with JMX server as MBean [org.springframework.cloud.context.environment:name=environmentManager,type=EnvironmentManager]
2017-08-08 20:40:36.448  INFO 16444 --- [           main] o.s.j.e.a.AnnotationMBeanExporter        : Located managed bean 'restartEndpoint': registering with JMX server as MBean [org.springframework.cloud.context.restart:name=restartEndpoint,type=RestartEndpoint]
2017-08-08 20:40:36.461  INFO 16444 --- [           main] o.s.j.e.a.AnnotationMBeanExporter        : Located managed bean 'refreshScope': registering with JMX server as MBean [org.springframework.cloud.context.scope.refresh:name=refreshScope,type=RefreshScope]
2017-08-08 20:40:36.469  INFO 16444 --- [           main] o.s.j.e.a.AnnotationMBeanExporter        : Located managed bean 'configurationPropertiesRebinder': registering with JMX server as MBean [org.springframework.cloud.context.properties:name=configurationPropertiesRebinder,context=30a6365f,type=ConfigurationPropertiesRebinder]
2017-08-08 20:40:36.478  INFO 16444 --- [           main] o.s.j.e.a.AnnotationMBeanExporter        : Located managed bean 'refreshEndpoint': registering with JMX server as MBean [org.springframework.cloud.endpoint:name=refreshEndpoint,type=RefreshEndpoint]
2017-08-08 20:40:36.567  INFO 16444 --- [           main] o.s.c.support.DefaultLifecycleProcessor  : Starting beans in phase 0
2017-08-08 20:40:36.651  INFO 16444 --- [           main] s.b.c.e.t.TomcatEmbeddedServletContainer : Tomcat started on port(s): 8888 (http)
2017-08-08 20:40:36.654  INFO 16444 --- [           main] demo.ConfigApplication                   : Started ConfigApplication in 3.187 seconds (JVM running for 3.56)
2017-08-08 20:41:00.743  INFO 16444 --- [nio-8888-exec-1] o.a.c.c.C.[Tomcat].[localhost].[/]       : Initializing Spring FrameworkServlet 'dispatcherServlet'
2017-08-08 20:41:00.743  INFO 16444 --- [nio-8888-exec-1] o.s.web.servlet.DispatcherServlet        : FrameworkServlet 'dispatcherServlet': initialization started
2017-08-08 20:41:00.760  INFO 16444 --- [nio-8888-exec-1] o.s.web.servlet.DispatcherServlet        : FrameworkServlet 'dispatcherServlet': initialization completed in 17 ms
2017-08-08 20:41:05.067  INFO 16444 --- [nio-8888-exec-1] o.s.boot.SpringApplication               : Starting application on bogon with PID 16444 (started by bliang in /Users/bliang/Downloads/brightdemo/config-service)
2017-08-08 20:41:05.067  INFO 16444 --- [nio-8888-exec-1] o.s.boot.SpringApplication               : The following profiles are active: development
2017-08-08 20:41:05.069  INFO 16444 --- [nio-8888-exec-1] s.c.a.AnnotationConfigApplicationContext : Refreshing org.springframework.context.annotation.AnnotationConfigApplicationContext@28ee92d3: startup date [Tue Aug 08 20:41:05 CST 2017]; root of context hierarchy
2017-08-08 20:41:05.082  INFO 16444 --- [nio-8888-exec-1] o.s.boot.SpringApplication               : Started application in 0.056 seconds (JVM running for 31.989)
2017-08-08 20:41:05.083  INFO 16444 --- [nio-8888-exec-1] o.s.c.c.s.e.NativeEnvironmentRepository  : Adding property source: file:/var/folders/2b/hyl319zn0hv61n8whzdwdzqh0000gp/T/config-repo-3608622687910225166/user-service-development.yml
2017-08-08 20:41:05.083  INFO 16444 --- [nio-8888-exec-1] o.s.c.c.s.e.NativeEnvironmentRepository  : Adding property source: file:/var/folders/2b/hyl319zn0hv61n8whzdwdzqh0000gp/T/config-repo-3608622687910225166/user-service-development.yml#development
2017-08-08 20:41:05.083  INFO 16444 --- [nio-8888-exec-1] o.s.c.c.s.e.NativeEnvironmentRepository  : Adding property source: file:/var/folders/2b/hyl319zn0hv61n8whzdwdzqh0000gp/T/config-repo-3608622687910225166/user-service.yml#development
2017-08-08 20:41:05.083  INFO 16444 --- [nio-8888-exec-1] o.s.c.c.s.e.NativeEnvironmentRepository  : Adding property source: file:/var/folders/2b/hyl319zn0hv61n8whzdwdzqh0000gp/T/config-repo-3608622687910225166/user-service.yml
2017-08-08 20:41:05.083  INFO 16444 --- [nio-8888-exec-1] o.s.c.c.s.e.NativeEnvironmentRepository  : Adding property source: file:/var/folders/2b/hyl319zn0hv61n8whzdwdzqh0000gp/T/config-repo-3608622687910225166/application.yml
2017-08-08 20:41:05.083  INFO 16444 --- [nio-8888-exec-1] s.c.a.AnnotationConfigApplicationContext : Closing org.springframework.context.annotation.AnnotationConfigApplicationContext@28ee92d3: startup date [Tue Aug 08 20:41:05 CST 2017]; root of context hierarchy
2017-08-08 20:45:04.247  INFO 16444 --- [nio-8888-exec-3] o.s.boot.SpringApplication               : Starting application on bogon with PID 16444 (started by bliang in /Users/bliang/Downloads/brightdemo/config-service)
2017-08-08 20:45:04.248  INFO 16444 --- [nio-8888-exec-3] o.s.boot.SpringApplication               : The following profiles are active: development
2017-08-08 20:45:04.250  INFO 16444 --- [nio-8888-exec-3] s.c.a.AnnotationConfigApplicationContext : Refreshing org.springframework.context.annotation.AnnotationConfigApplicationContext@3c610bb6: startup date [Tue Aug 08 20:45:04 CST 2017]; root of context hierarchy
2017-08-08 20:45:04.258  INFO 16444 --- [nio-8888-exec-3] o.s.boot.SpringApplication               : Started application in 0.042 seconds (JVM running for 271.174)
2017-08-08 20:45:04.258  INFO 16444 --- [nio-8888-exec-3] o.s.c.c.s.e.NativeEnvironmentRepository  : Adding property source: file:/var/folders/2b/hyl319zn0hv61n8whzdwdzqh0000gp/T/config-repo-3608622687910225166/edge-service.yml#development
2017-08-08 20:45:04.258  INFO 16444 --- [nio-8888-exec-3] o.s.c.c.s.e.NativeEnvironmentRepository  : Adding property source: file:/var/folders/2b/hyl319zn0hv61n8whzdwdzqh0000gp/T/config-repo-3608622687910225166/edge-service.yml
2017-08-08 20:45:04.258  INFO 16444 --- [nio-8888-exec-3] o.s.c.c.s.e.NativeEnvironmentRepository  : Adding property source: file:/var/folders/2b/hyl319zn0hv61n8whzdwdzqh0000gp/T/config-repo-3608622687910225166/application.yml
2017-08-08 20:45:04.258  INFO 16444 --- [nio-8888-exec-3] s.c.a.AnnotationConfigApplicationContext : Closing org.springframework.context.annotation.AnnotationConfigApplicationContext@3c610bb6: startup date [Tue Aug 08 20:45:04 CST 2017]; root of context hierarchy
2017-08-08 20:50:55.810  INFO 16444 --- [nio-8888-exec-5] o.s.boot.SpringApplication               : Starting application on bogon with PID 16444 (started by bliang in /Users/bliang/Downloads/brightdemo/config-service)
2017-08-08 20:50:55.810  INFO 16444 --- [nio-8888-exec-5] o.s.boot.SpringApplication               : The following profiles are active: development
2017-08-08 20:50:55.818  INFO 16444 --- [nio-8888-exec-5] s.c.a.AnnotationConfigApplicationContext : Refreshing org.springframework.context.annotation.AnnotationConfigApplicationContext@350d8950: startup date [Tue Aug 08 20:50:55 CST 2017]; root of context hierarchy
2017-08-08 20:50:55.828  INFO 16444 --- [nio-8888-exec-5] o.s.boot.SpringApplication               : Started application in 0.075 seconds (JVM running for 622.758)
2017-08-08 20:50:55.828  INFO 16444 --- [nio-8888-exec-5] o.s.c.c.s.e.NativeEnvironmentRepository  : Adding property source: file:/var/folders/2b/hyl319zn0hv61n8whzdwdzqh0000gp/T/config-repo-3608622687910225166/edge-service.yml#development
2017-08-08 20:50:55.829  INFO 16444 --- [nio-8888-exec-5] o.s.c.c.s.e.NativeEnvironmentRepository  : Adding property source: file:/var/folders/2b/hyl319zn0hv61n8whzdwdzqh0000gp/T/config-repo-3608622687910225166/edge-service.yml
2017-08-08 20:50:55.830  INFO 16444 --- [nio-8888-exec-5] o.s.c.c.s.e.NativeEnvironmentRepository  : Adding property source: file:/var/folders/2b/hyl319zn0hv61n8whzdwdzqh0000gp/T/config-repo-3608622687910225166/application.yml
2017-08-08 20:50:55.830  INFO 16444 --- [nio-8888-exec-5] s.c.a.AnnotationConfigApplicationContext : Closing org.springframework.context.annotation.AnnotationConfigApplicationContext@350d8950: startup date [Tue Aug 08 20:50:55 CST 2017]; root of context hierarchy
2017-08-08 20:56:22.647  INFO 16444 --- [nio-8888-exec-7] o.s.boot.SpringApplication               : Starting application on bogon with PID 16444 (started by bliang in /Users/bliang/Downloads/brightdemo/config-service)
2017-08-08 20:56:22.647  INFO 16444 --- [nio-8888-exec-7] o.s.boot.SpringApplication               : The following profiles are active: development
2017-08-08 20:56:22.652  INFO 16444 --- [nio-8888-exec-7] s.c.a.AnnotationConfigApplicationContext : Refreshing org.springframework.context.annotation.AnnotationConfigApplicationContext@2d38d298: startup date [Tue Aug 08 20:56:22 CST 2017]; root of context hierarchy
2017-08-08 20:56:22.663  INFO 16444 --- [nio-8888-exec-7] o.s.boot.SpringApplication               : Started application in 0.071 seconds (JVM running for 949.606)
2017-08-08 20:56:22.664  INFO 16444 --- [nio-8888-exec-7] o.s.c.c.s.e.NativeEnvironmentRepository  : Adding property source: file:/var/folders/2b/hyl319zn0hv61n8whzdwdzqh0000gp/T/config-repo-3608622687910225166/edge-service.yml#development
2017-08-08 20:56:22.664  INFO 16444 --- [nio-8888-exec-7] o.s.c.c.s.e.NativeEnvironmentRepository  : Adding property source: file:/var/folders/2b/hyl319zn0hv61n8whzdwdzqh0000gp/T/config-repo-3608622687910225166/edge-service.yml
2017-08-08 20:56:22.665  INFO 16444 --- [nio-8888-exec-7] o.s.c.c.s.e.NativeEnvironmentRepository  : Adding property source: file:/var/folders/2b/hyl319zn0hv61n8whzdwdzqh0000gp/T/config-repo-3608622687910225166/application.yml
2017-08-08 20:56:22.666  INFO 16444 --- [nio-8888-exec-7] s.c.a.AnnotationConfigApplicationContext : Closing org.springframework.context.annotation.AnnotationConfigApplicationContext@2d38d298: startup date [Tue Aug 08 20:56:22 CST 2017]; root of context hierarchy
2017-08-08 20:58:31.244  INFO 16444 --- [nio-8888-exec-9] s.c.a.AnnotationConfigApplicationContext : Refreshing org.springframework.context.annotation.AnnotationConfigApplicationContext@2b75b45f: startup date [Tue Aug 08 20:58:31 CST 2017]; root of context hierarchy
2017-08-08 20:58:31.274  INFO 16444 --- [nio-8888-exec-9] trationDelegate$BeanPostProcessorChecker : Bean 'configurationPropertiesRebinderAutoConfiguration' of type [class org.springframework.cloud.autoconfigure.ConfigurationPropertiesRebinderAutoConfiguration$$EnhancerBySpringCGLIB$$92603406] is not eligible for getting processed by all BeanPostProcessors (for example: not eligible for auto-proxying)
2017-08-08 20:58:31.377  INFO 16444 --- [nio-8888-exec-9] o.s.boot.SpringApplication               : No active profile set, falling back to default profiles: default
2017-08-08 20:58:31.381  INFO 16444 --- [nio-8888-exec-9] s.c.a.AnnotationConfigApplicationContext : Refreshing org.springframework.context.annotation.AnnotationConfigApplicationContext@7fbf000b: startup date [Tue Aug 08 20:58:31 CST 2017]; parent: org.springframework.context.annotation.AnnotationConfigApplicationContext@2b75b45f
2017-08-08 20:58:31.394  INFO 16444 --- [nio-8888-exec-9] o.s.boot.SpringApplication               : Started application in 0.972 seconds (JVM running for 1078.341)
2017-08-08 20:58:31.394  INFO 16444 --- [nio-8888-exec-9] s.c.a.AnnotationConfigApplicationContext : Closing org.springframework.context.annotation.AnnotationConfigApplicationContext@7fbf000b: startup date [Tue Aug 08 20:58:31 CST 2017]; parent: org.springframework.context.annotation.AnnotationConfigApplicationContext@2b75b45f
2017-08-08 20:58:31.394  INFO 16444 --- [nio-8888-exec-9] s.c.a.AnnotationConfigApplicationContext : Closing org.springframework.context.annotation.AnnotationConfigApplicationContext@2b75b45f: startup date [Tue Aug 08 20:58:31 CST 2017]; root of context hierarchy
2017-08-08 20:59:20.636  INFO 16444 --- [nio-8888-exec-1] o.s.boot.SpringApplication               : Starting application on bogon with PID 16444 (started by bliang in /Users/bliang/Downloads/brightdemo/config-service)
2017-08-08 20:59:20.636  INFO 16444 --- [nio-8888-exec-1] o.s.boot.SpringApplication               : The following profiles are active: development
2017-08-08 20:59:20.639  INFO 16444 --- [nio-8888-exec-1] s.c.a.AnnotationConfigApplicationContext : Refreshing org.springframework.context.annotation.AnnotationConfigApplicationContext@2509581f: startup date [Tue Aug 08 20:59:20 CST 2017]; root of context hierarchy
2017-08-08 20:59:20.646  INFO 16444 --- [nio-8888-exec-1] o.s.boot.SpringApplication               : Started application in 0.059 seconds (JVM running for 1127.595)
2017-08-08 20:59:20.646  INFO 16444 --- [nio-8888-exec-1] o.s.c.c.s.e.NativeEnvironmentRepository  : Adding property source: file:/var/folders/2b/hyl319zn0hv61n8whzdwdzqh0000gp/T/config-repo-3608622687910225166/edge-service.yml#development
2017-08-08 20:59:20.646  INFO 16444 --- [nio-8888-exec-1] o.s.c.c.s.e.NativeEnvironmentRepository  : Adding property source: file:/var/folders/2b/hyl319zn0hv61n8whzdwdzqh0000gp/T/config-repo-3608622687910225166/edge-service.yml
2017-08-08 20:59:20.646  INFO 16444 --- [nio-8888-exec-1] o.s.c.c.s.e.NativeEnvironmentRepository  : Adding property source: file:/var/folders/2b/hyl319zn0hv61n8whzdwdzqh0000gp/T/config-repo-3608622687910225166/application.yml
2017-08-08 20:59:20.646  INFO 16444 --- [nio-8888-exec-1] s.c.a.AnnotationConfigApplicationContext : Closing org.springframework.context.annotation.AnnotationConfigApplicationContext@2509581f: startup date [Tue Aug 08 20:59:20 CST 2017]; root of context hierarchy
2017-08-08 21:06:27.438  INFO 16444 --- [nio-8888-exec-3] o.s.boot.SpringApplication               : Starting application on bogon with PID 16444 (started by bliang in /Users/bliang/Downloads/brightdemo/config-service)
2017-08-08 21:06:27.438  INFO 16444 --- [nio-8888-exec-3] o.s.boot.SpringApplication               : The following profiles are active: development
2017-08-08 21:06:27.443  INFO 16444 --- [nio-8888-exec-3] s.c.a.AnnotationConfigApplicationContext : Refreshing org.springframework.context.annotation.AnnotationConfigApplicationContext@19ceb09d: startup date [Tue Aug 08 21:06:27 CST 2017]; root of context hierarchy
2017-08-08 21:06:27.448  INFO 16444 --- [nio-8888-exec-3] o.s.boot.SpringApplication               : Started application in 0.054 seconds (JVM running for 1554.414)
2017-08-08 21:06:27.449  INFO 16444 --- [nio-8888-exec-3] o.s.c.c.s.e.NativeEnvironmentRepository  : Adding property source: file:/var/folders/2b/hyl319zn0hv61n8whzdwdzqh0000gp/T/config-repo-3608622687910225166/edge-service.yml#development
2017-08-08 21:06:27.449  INFO 16444 --- [nio-8888-exec-3] o.s.c.c.s.e.NativeEnvironmentRepository  : Adding property source: file:/var/folders/2b/hyl319zn0hv61n8whzdwdzqh0000gp/T/config-repo-3608622687910225166/edge-service.yml
2017-08-08 21:06:27.449  INFO 16444 --- [nio-8888-exec-3] o.s.c.c.s.e.NativeEnvironmentRepository  : Adding property source: file:/var/folders/2b/hyl319zn0hv61n8whzdwdzqh0000gp/T/config-repo-3608622687910225166/application.yml
2017-08-08 21:06:27.449  INFO 16444 --- [nio-8888-exec-3] s.c.a.AnnotationConfigApplicationContext : Closing org.springframework.context.annotation.AnnotationConfigApplicationContext@19ceb09d: startup date [Tue Aug 08 21:06:27 CST 2017]; root of context hierarchy
2017-08-08 21:07:09.510  INFO 16444 --- [nio-8888-exec-5] o.s.boot.SpringApplication               : Starting application on bogon with PID 16444 (started by bliang in /Users/bliang/Downloads/brightdemo/config-service)
2017-08-08 21:07:09.510  INFO 16444 --- [nio-8888-exec-5] o.s.boot.SpringApplication               : The following profiles are active: development
2017-08-08 21:07:09.513  INFO 16444 --- [nio-8888-exec-5] s.c.a.AnnotationConfigApplicationContext : Refreshing org.springframework.context.annotation.AnnotationConfigApplicationContext@4f09b1af: startup date [Tue Aug 08 21:07:09 CST 2017]; root of context hierarchy
2017-08-08 21:07:09.519  INFO 16444 --- [nio-8888-exec-5] o.s.boot.SpringApplication               : Started application in 0.042 seconds (JVM running for 1596.487)
2017-08-08 21:07:09.519  INFO 16444 --- [nio-8888-exec-5] o.s.c.c.s.e.NativeEnvironmentRepository  : Adding property source: file:/var/folders/2b/hyl319zn0hv61n8whzdwdzqh0000gp/T/config-repo-3608622687910225166/edge-service.yml#development
2017-08-08 21:07:09.519  INFO 16444 --- [nio-8888-exec-5] o.s.c.c.s.e.NativeEnvironmentRepository  : Adding property source: file:/var/folders/2b/hyl319zn0hv61n8whzdwdzqh0000gp/T/config-repo-3608622687910225166/edge-service.yml
2017-08-08 21:07:09.519  INFO 16444 --- [nio-8888-exec-5] o.s.c.c.s.e.NativeEnvironmentRepository  : Adding property source: file:/var/folders/2b/hyl319zn0hv61n8whzdwdzqh0000gp/T/config-repo-3608622687910225166/application.yml
2017-08-08 21:07:09.519  INFO 16444 --- [nio-8888-exec-5] s.c.a.AnnotationConfigApplicationContext : Closing org.springframework.context.annotation.AnnotationConfigApplicationContext@4f09b1af: startup date [Tue Aug 08 21:07:09 CST 2017]; root of context hierarchy
2017-08-08 21:14:17.382  INFO 16444 --- [nio-8888-exec-7] o.s.boot.SpringApplication               : Starting application on bogon with PID 16444 (started by bliang in /Users/bliang/Downloads/brightdemo/config-service)
2017-08-08 21:14:17.382  INFO 16444 --- [nio-8888-exec-7] o.s.boot.SpringApplication               : The following profiles are active: test
2017-08-08 21:14:17.384  INFO 16444 --- [nio-8888-exec-7] s.c.a.AnnotationConfigApplicationContext : Refreshing org.springframework.context.annotation.AnnotationConfigApplicationContext@6107c4fb: startup date [Tue Aug 08 21:14:17 CST 2017]; root of context hierarchy
2017-08-08 21:14:17.390  INFO 16444 --- [nio-8888-exec-7] o.s.boot.SpringApplication               : Started application in 0.044 seconds (JVM running for 2024.374)
2017-08-08 21:14:17.390  INFO 16444 --- [nio-8888-exec-7] o.s.c.c.s.e.NativeEnvironmentRepository  : Adding property source: file:/var/folders/2b/hyl319zn0hv61n8whzdwdzqh0000gp/T/config-repo-3608622687910225166/account-service.yml#test
2017-08-08 21:14:17.390  INFO 16444 --- [nio-8888-exec-7] o.s.c.c.s.e.NativeEnvironmentRepository  : Adding property source: file:/var/folders/2b/hyl319zn0hv61n8whzdwdzqh0000gp/T/config-repo-3608622687910225166/account-service.yml
2017-08-08 21:14:17.390  INFO 16444 --- [nio-8888-exec-7] o.s.c.c.s.e.NativeEnvironmentRepository  : Adding property source: file:/var/folders/2b/hyl319zn0hv61n8whzdwdzqh0000gp/T/config-repo-3608622687910225166/application.yml
2017-08-08 21:14:17.390  INFO 16444 --- [nio-8888-exec-7] s.c.a.AnnotationConfigApplicationContext : Closing org.springframework.context.annotation.AnnotationConfigApplicationContext@6107c4fb: startup date [Tue Aug 08 21:14:17 CST 2017]; root of context hierarchy
2017-08-08 21:15:17.495  INFO 16444 --- [nio-8888-exec-9] o.s.boot.SpringApplication               : Starting application on bogon with PID 16444 (started by bliang in /Users/bliang/Downloads/brightdemo/config-service)
2017-08-08 21:15:17.495  INFO 16444 --- [nio-8888-exec-9] o.s.boot.SpringApplication               : The following profiles are active: development
2017-08-08 21:15:17.499  INFO 16444 --- [nio-8888-exec-9] s.c.a.AnnotationConfigApplicationContext : Refreshing org.springframework.context.annotation.AnnotationConfigApplicationContext@28f371a9: startup date [Tue Aug 08 21:15:17 CST 2017]; root of context hierarchy
2017-08-08 21:15:17.507  INFO 16444 --- [nio-8888-exec-9] o.s.boot.SpringApplication               : Started application in 0.092 seconds (JVM running for 2084.493)
2017-08-08 21:15:17.507  INFO 16444 --- [nio-8888-exec-9] o.s.c.c.s.e.NativeEnvironmentRepository  : Adding property source: file:/var/folders/2b/hyl319zn0hv61n8whzdwdzqh0000gp/T/config-repo-3608622687910225166/account-service.yml#development
2017-08-08 21:15:17.507  INFO 16444 --- [nio-8888-exec-9] o.s.c.c.s.e.NativeEnvironmentRepository  : Adding property source: file:/var/folders/2b/hyl319zn0hv61n8whzdwdzqh0000gp/T/config-repo-3608622687910225166/account-service.yml
2017-08-08 21:15:17.507  INFO 16444 --- [nio-8888-exec-9] o.s.c.c.s.e.NativeEnvironmentRepository  : Adding property source: file:/var/folders/2b/hyl319zn0hv61n8whzdwdzqh0000gp/T/config-repo-3608622687910225166/application.yml
2017-08-08 21:15:17.507  INFO 16444 --- [nio-8888-exec-9] s.c.a.AnnotationConfigApplicationContext : Closing org.springframework.context.annotation.AnnotationConfigApplicationContext@28f371a9: startup date [Tue Aug 08 21:15:17 CST 2017]; root of context hierarchy
2017-08-08 21:17:41.132  INFO 16444 --- [nio-8888-exec-1] o.s.boot.SpringApplication               : Starting application on bogon with PID 16444 (started by bliang in /Users/bliang/Downloads/brightdemo/config-service)
2017-08-08 21:17:41.133  INFO 16444 --- [nio-8888-exec-1] o.s.boot.SpringApplication               : The following profiles are active: test
2017-08-08 21:17:41.136  INFO 16444 --- [nio-8888-exec-1] s.c.a.AnnotationConfigApplicationContext : Refreshing org.springframework.context.annotation.AnnotationConfigApplicationContext@4cefa0a8: startup date [Tue Aug 08 21:17:41 CST 2017]; root of context hierarchy
2017-08-08 21:17:41.144  INFO 16444 --- [nio-8888-exec-1] o.s.boot.SpringApplication               : Started application in 0.057 seconds (JVM running for 2228.136)
2017-08-08 21:17:41.144  INFO 16444 --- [nio-8888-exec-1] o.s.c.c.s.e.NativeEnvironmentRepository  : Adding property source: file:/var/folders/2b/hyl319zn0hv61n8whzdwdzqh0000gp/T/config-repo-3608622687910225166/account-service.yml#test
2017-08-08 21:17:41.145  INFO 16444 --- [nio-8888-exec-1] o.s.c.c.s.e.NativeEnvironmentRepository  : Adding property source: file:/var/folders/2b/hyl319zn0hv61n8whzdwdzqh0000gp/T/config-repo-3608622687910225166/account-service.yml
2017-08-08 21:17:41.145  INFO 16444 --- [nio-8888-exec-1] o.s.c.c.s.e.NativeEnvironmentRepository  : Adding property source: file:/var/folders/2b/hyl319zn0hv61n8whzdwdzqh0000gp/T/config-repo-3608622687910225166/application.yml
2017-08-08 21:17:41.145  INFO 16444 --- [nio-8888-exec-1] s.c.a.AnnotationConfigApplicationContext : Closing org.springframework.context.annotation.AnnotationConfigApplicationContext@4cefa0a8: startup date [Tue Aug 08 21:17:41 CST 2017]; root of context hierarchy
2017-08-08 21:18:04.794  INFO 16444 --- [nio-8888-exec-3] o.s.boot.SpringApplication               : Starting application on bogon with PID 16444 (started by bliang in /Users/bliang/Downloads/brightdemo/config-service)
2017-08-08 21:18:04.795  INFO 16444 --- [nio-8888-exec-3] o.s.boot.SpringApplication               : The following profiles are active: development
2017-08-08 21:18:04.799  INFO 16444 --- [nio-8888-exec-3] s.c.a.AnnotationConfigApplicationContext : Refreshing org.springframework.context.annotation.AnnotationConfigApplicationContext@6d0f3cef: startup date [Tue Aug 08 21:18:04 CST 2017]; root of context hierarchy
2017-08-08 21:18:04.805  INFO 16444 --- [nio-8888-exec-3] o.s.boot.SpringApplication               : Started application in 0.062 seconds (JVM running for 2251.798)
2017-08-08 21:18:04.806  INFO 16444 --- [nio-8888-exec-3] o.s.c.c.s.e.NativeEnvironmentRepository  : Adding property source: file:/var/folders/2b/hyl319zn0hv61n8whzdwdzqh0000gp/T/config-repo-3608622687910225166/account-service.yml#development
2017-08-08 21:18:04.806  INFO 16444 --- [nio-8888-exec-3] o.s.c.c.s.e.NativeEnvironmentRepository  : Adding property source: file:/var/folders/2b/hyl319zn0hv61n8whzdwdzqh0000gp/T/config-repo-3608622687910225166/account-service.yml
2017-08-08 21:18:04.806  INFO 16444 --- [nio-8888-exec-3] o.s.c.c.s.e.NativeEnvironmentRepository  : Adding property source: file:/var/folders/2b/hyl319zn0hv61n8whzdwdzqh0000gp/T/config-repo-3608622687910225166/application.yml
2017-08-08 21:18:04.806  INFO 16444 --- [nio-8888-exec-3] s.c.a.AnnotationConfigApplicationContext : Closing org.springframework.context.annotation.AnnotationConfigApplicationContext@6d0f3cef: startup date [Tue Aug 08 21:18:04 CST 2017]; root of context hierarchy
2017-08-08 21:19:31.306  INFO 16444 --- [nio-8888-exec-5] o.s.boot.SpringApplication               : Starting application on bogon with PID 16444 (started by bliang in /Users/bliang/Downloads/brightdemo/config-service)
2017-08-08 21:19:31.307  INFO 16444 --- [nio-8888-exec-5] o.s.boot.SpringApplication               : The following profiles are active: test
2017-08-08 21:19:31.311  INFO 16444 --- [nio-8888-exec-5] s.c.a.AnnotationConfigApplicationContext : Refreshing org.springframework.context.annotation.AnnotationConfigApplicationContext@3a875c80: startup date [Tue Aug 08 21:19:31 CST 2017]; root of context hierarchy
2017-08-08 21:19:31.319  INFO 16444 --- [nio-8888-exec-5] o.s.boot.SpringApplication               : Started application in 0.064 seconds (JVM running for 2338.315)
2017-08-08 21:19:31.319  INFO 16444 --- [nio-8888-exec-5] o.s.c.c.s.e.NativeEnvironmentRepository  : Adding property source: file:/var/folders/2b/hyl319zn0hv61n8whzdwdzqh0000gp/T/config-repo-3608622687910225166/catalog-service.yml#test
2017-08-08 21:19:31.319  INFO 16444 --- [nio-8888-exec-5] o.s.c.c.s.e.NativeEnvironmentRepository  : Adding property source: file:/var/folders/2b/hyl319zn0hv61n8whzdwdzqh0000gp/T/config-repo-3608622687910225166/catalog-service.yml
2017-08-08 21:19:31.319  INFO 16444 --- [nio-8888-exec-5] o.s.c.c.s.e.NativeEnvironmentRepository  : Adding property source: file:/var/folders/2b/hyl319zn0hv61n8whzdwdzqh0000gp/T/config-repo-3608622687910225166/application.yml
2017-08-08 21:19:31.320  INFO 16444 --- [nio-8888-exec-5] s.c.a.AnnotationConfigApplicationContext : Closing org.springframework.context.annotation.AnnotationConfigApplicationContext@3a875c80: startup date [Tue Aug 08 21:19:31 CST 2017]; root of context hierarchy
2017-08-08 21:20:33.204  INFO 16444 --- [nio-8888-exec-7] o.s.cloud.commons.util.InetUtils         : Cannot determine local hostname
2017-08-08 21:20:35.776  INFO 16444 --- [nio-8888-exec-7] o.s.boot.SpringApplication               : Starting application on bogon with PID 16444 (started by bliang in /Users/bliang/Downloads/brightdemo/config-service)
2017-08-08 21:20:35.776  INFO 16444 --- [nio-8888-exec-7] o.s.boot.SpringApplication               : The following profiles are active: development
2017-08-08 21:20:35.782  INFO 16444 --- [nio-8888-exec-7] s.c.a.AnnotationConfigApplicationContext : Refreshing org.springframework.context.annotation.AnnotationConfigApplicationContext@51398e1a: startup date [Tue Aug 08 21:20:35 CST 2017]; root of context hierarchy
2017-08-08 21:20:35.790  INFO 16444 --- [nio-8888-exec-7] o.s.boot.SpringApplication               : Started application in 3.592 seconds (JVM running for 2402.789)
2017-08-08 21:20:35.790  INFO 16444 --- [nio-8888-exec-7] o.s.c.c.s.e.NativeEnvironmentRepository  : Adding property source: file:/var/folders/2b/hyl319zn0hv61n8whzdwdzqh0000gp/T/config-repo-3608622687910225166/catalog-service.yml#development
2017-08-08 21:20:35.790  INFO 16444 --- [nio-8888-exec-7] o.s.c.c.s.e.NativeEnvironmentRepository  : Adding property source: file:/var/folders/2b/hyl319zn0hv61n8whzdwdzqh0000gp/T/config-repo-3608622687910225166/catalog-service.yml
2017-08-08 21:20:35.790  INFO 16444 --- [nio-8888-exec-7] o.s.c.c.s.e.NativeEnvironmentRepository  : Adding property source: file:/var/folders/2b/hyl319zn0hv61n8whzdwdzqh0000gp/T/config-repo-3608622687910225166/application.yml
2017-08-08 21:20:35.791  INFO 16444 --- [nio-8888-exec-7] s.c.a.AnnotationConfigApplicationContext : Closing org.springframework.context.annotation.AnnotationConfigApplicationContext@51398e1a: startup date [Tue Aug 08 21:20:35 CST 2017]; root of context hierarchy
2017-08-08 21:23:49.489  INFO 16444 --- [nio-8888-exec-9] o.s.boot.SpringApplication               : Starting application on bogon with PID 16444 (started by bliang in /Users/bliang/Downloads/brightdemo/config-service)
2017-08-08 21:23:49.489  INFO 16444 --- [nio-8888-exec-9] o.s.boot.SpringApplication               : The following profiles are active: test
2017-08-08 21:23:49.493  INFO 16444 --- [nio-8888-exec-9] s.c.a.AnnotationConfigApplicationContext : Refreshing org.springframework.context.annotation.AnnotationConfigApplicationContext@4d94b376: startup date [Tue Aug 08 21:23:49 CST 2017]; root of context hierarchy
2017-08-08 21:23:49.506  INFO 16444 --- [nio-8888-exec-9] o.s.boot.SpringApplication               : Started application in 0.064 seconds (JVM running for 2596.512)
2017-08-08 21:23:49.506  INFO 16444 --- [nio-8888-exec-9] o.s.c.c.s.e.NativeEnvironmentRepository  : Adding property source: file:/var/folders/2b/hyl319zn0hv61n8whzdwdzqh0000gp/T/config-repo-3608622687910225166/account-service.yml#test
2017-08-08 21:23:49.506  INFO 16444 --- [nio-8888-exec-9] o.s.c.c.s.e.NativeEnvironmentRepository  : Adding property source: file:/var/folders/2b/hyl319zn0hv61n8whzdwdzqh0000gp/T/config-repo-3608622687910225166/account-service.yml
2017-08-08 21:23:49.506  INFO 16444 --- [nio-8888-exec-9] o.s.c.c.s.e.NativeEnvironmentRepository  : Adding property source: file:/var/folders/2b/hyl319zn0hv61n8whzdwdzqh0000gp/T/config-repo-3608622687910225166/application.yml
2017-08-08 21:23:49.506  INFO 16444 --- [nio-8888-exec-9] s.c.a.AnnotationConfigApplicationContext : Closing org.springframework.context.annotation.AnnotationConfigApplicationContext@4d94b376: startup date [Tue Aug 08 21:23:49 CST 2017]; root of context hierarchy
2017-08-08 21:25:18.846  INFO 16444 --- [nio-8888-exec-1] o.s.boot.SpringApplication               : Starting application on bogon with PID 16444 (started by bliang in /Users/bliang/Downloads/brightdemo/config-service)
2017-08-08 21:25:18.847  INFO 16444 --- [nio-8888-exec-1] o.s.boot.SpringApplication               : The following profiles are active: development
2017-08-08 21:25:18.849  INFO 16444 --- [nio-8888-exec-1] s.c.a.AnnotationConfigApplicationContext : Refreshing org.springframework.context.annotation.AnnotationConfigApplicationContext@179e1201: startup date [Tue Aug 08 21:25:18 CST 2017]; root of context hierarchy
2017-08-08 21:25:18.857  INFO 16444 --- [nio-8888-exec-1] o.s.boot.SpringApplication               : Started application in 0.04 seconds (JVM running for 2685.867)
2017-08-08 21:25:18.857  INFO 16444 --- [nio-8888-exec-1] o.s.c.c.s.e.NativeEnvironmentRepository  : Adding property source: file:/var/folders/2b/hyl319zn0hv61n8whzdwdzqh0000gp/T/config-repo-3608622687910225166/order-service.yml#development
2017-08-08 21:25:18.858  INFO 16444 --- [nio-8888-exec-1] o.s.c.c.s.e.NativeEnvironmentRepository  : Adding property source: file:/var/folders/2b/hyl319zn0hv61n8whzdwdzqh0000gp/T/config-repo-3608622687910225166/order-service.yml
2017-08-08 21:25:18.858  INFO 16444 --- [nio-8888-exec-1] o.s.c.c.s.e.NativeEnvironmentRepository  : Adding property source: file:/var/folders/2b/hyl319zn0hv61n8whzdwdzqh0000gp/T/config-repo-3608622687910225166/application.yml
2017-08-08 21:25:18.858  INFO 16444 --- [nio-8888-exec-1] s.c.a.AnnotationConfigApplicationContext : Closing org.springframework.context.annotation.AnnotationConfigApplicationContext@179e1201: startup date [Tue Aug 08 21:25:18 CST 2017]; root of context hierarchy
2017-08-08 21:27:13.534  INFO 16444 --- [nio-8888-exec-3] o.s.boot.SpringApplication               : Starting application on bogon with PID 16444 (started by bliang in /Users/bliang/Downloads/brightdemo/config-service)
2017-08-08 21:27:13.534  INFO 16444 --- [nio-8888-exec-3] o.s.boot.SpringApplication               : The following profiles are active: test
2017-08-08 21:27:13.536  INFO 16444 --- [nio-8888-exec-3] s.c.a.AnnotationConfigApplicationContext : Refreshing org.springframework.context.annotation.AnnotationConfigApplicationContext@335b5fd1: startup date [Tue Aug 08 21:27:13 CST 2017]; root of context hierarchy
2017-08-08 21:27:13.541  INFO 16444 --- [nio-8888-exec-3] o.s.boot.SpringApplication               : Started application in 0.035 seconds (JVM running for 2800.555)
2017-08-08 21:27:13.541  INFO 16444 --- [nio-8888-exec-3] o.s.c.c.s.e.NativeEnvironmentRepository  : Adding property source: file:/var/folders/2b/hyl319zn0hv61n8whzdwdzqh0000gp/T/config-repo-3608622687910225166/inventory-service.yml#test
2017-08-08 21:27:13.541  INFO 16444 --- [nio-8888-exec-3] o.s.c.c.s.e.NativeEnvironmentRepository  : Adding property source: file:/var/folders/2b/hyl319zn0hv61n8whzdwdzqh0000gp/T/config-repo-3608622687910225166/inventory-service.yml
2017-08-08 21:27:13.541  INFO 16444 --- [nio-8888-exec-3] o.s.c.c.s.e.NativeEnvironmentRepository  : Adding property source: file:/var/folders/2b/hyl319zn0hv61n8whzdwdzqh0000gp/T/config-repo-3608622687910225166/application.yml
2017-08-08 21:27:13.541  INFO 16444 --- [nio-8888-exec-3] s.c.a.AnnotationConfigApplicationContext : Closing org.springframework.context.annotation.AnnotationConfigApplicationContext@335b5fd1: startup date [Tue Aug 08 21:27:13 CST 2017]; root of context hierarchy
2017-08-08 21:29:03.468  INFO 16444 --- [nio-8888-exec-5] o.s.boot.SpringApplication               : Starting application on bogon with PID 16444 (started by bliang in /Users/bliang/Downloads/brightdemo/config-service)
2017-08-08 21:29:03.468  INFO 16444 --- [nio-8888-exec-5] o.s.boot.SpringApplication               : The following profiles are active: development
2017-08-08 21:29:03.470  INFO 16444 --- [nio-8888-exec-5] s.c.a.AnnotationConfigApplicationContext : Refreshing org.springframework.context.annotation.AnnotationConfigApplicationContext@65372131: startup date [Tue Aug 08 21:29:03 CST 2017]; root of context hierarchy
2017-08-08 21:29:03.475  INFO 16444 --- [nio-8888-exec-5] o.s.boot.SpringApplication               : Started application in 0.031 seconds (JVM running for 2910.493)
2017-08-08 21:29:03.475  INFO 16444 --- [nio-8888-exec-5] o.s.c.c.s.e.NativeEnvironmentRepository  : Adding property source: file:/var/folders/2b/hyl319zn0hv61n8whzdwdzqh0000gp/T/config-repo-3608622687910225166/hystrix-dashboard.yml#development
2017-08-08 21:29:03.476  INFO 16444 --- [nio-8888-exec-5] o.s.c.c.s.e.NativeEnvironmentRepository  : Adding property source: file:/var/folders/2b/hyl319zn0hv61n8whzdwdzqh0000gp/T/config-repo-3608622687910225166/hystrix-dashboard.yml
2017-08-08 21:29:03.476  INFO 16444 --- [nio-8888-exec-5] o.s.c.c.s.e.NativeEnvironmentRepository  : Adding property source: file:/var/folders/2b/hyl319zn0hv61n8whzdwdzqh0000gp/T/config-repo-3608622687910225166/application.yml
2017-08-08 21:29:03.476  INFO 16444 --- [nio-8888-exec-5] s.c.a.AnnotationConfigApplicationContext : Closing org.springframework.context.annotation.AnnotationConfigApplicationContext@65372131: startup date [Tue Aug 08 21:29:03 CST 2017]; root of context hierarchy
2017-08-08 21:29:51.532  INFO 16444 --- [nio-8888-exec-7] o.s.boot.SpringApplication               : Starting application on bogon with PID 16444 (started by bliang in /Users/bliang/Downloads/brightdemo/config-service)
2017-08-08 21:29:51.532  INFO 16444 --- [nio-8888-exec-7] o.s.boot.SpringApplication               : The following profiles are active: test
2017-08-08 21:29:51.534  INFO 16444 --- [nio-8888-exec-7] s.c.a.AnnotationConfigApplicationContext : Refreshing org.springframework.context.annotation.AnnotationConfigApplicationContext@6e1d4b3c: startup date [Tue Aug 08 21:29:51 CST 2017]; root of context hierarchy
2017-08-08 21:29:51.540  INFO 16444 --- [nio-8888-exec-7] o.s.boot.SpringApplication               : Started application in 0.029 seconds (JVM running for 2958.559)
2017-08-08 21:29:51.540  INFO 16444 --- [nio-8888-exec-7] o.s.c.c.s.e.NativeEnvironmentRepository  : Adding property source: file:/var/folders/2b/hyl319zn0hv61n8whzdwdzqh0000gp/T/config-repo-3608622687910225166/inventory-service.yml#test
2017-08-08 21:29:51.540  INFO 16444 --- [nio-8888-exec-7] o.s.c.c.s.e.NativeEnvironmentRepository  : Adding property source: file:/var/folders/2b/hyl319zn0hv61n8whzdwdzqh0000gp/T/config-repo-3608622687910225166/inventory-service.yml
2017-08-08 21:29:51.540  INFO 16444 --- [nio-8888-exec-7] o.s.c.c.s.e.NativeEnvironmentRepository  : Adding property source: file:/var/folders/2b/hyl319zn0hv61n8whzdwdzqh0000gp/T/config-repo-3608622687910225166/application.yml
2017-08-08 21:29:51.540  INFO 16444 --- [nio-8888-exec-7] s.c.a.AnnotationConfigApplicationContext : Closing org.springframework.context.annotation.AnnotationConfigApplicationContext@6e1d4b3c: startup date [Tue Aug 08 21:29:51 CST 2017]; root of context hierarchy
2017-08-08 21:31:10.384  INFO 16444 --- [nio-8888-exec-9] o.s.boot.SpringApplication               : Starting application on bogon with PID 16444 (started by bliang in /Users/bliang/Downloads/brightdemo/config-service)
2017-08-08 21:31:10.385  INFO 16444 --- [nio-8888-exec-9] o.s.boot.SpringApplication               : The following profiles are active: development
2017-08-08 21:31:10.387  INFO 16444 --- [nio-8888-exec-9] s.c.a.AnnotationConfigApplicationContext : Refreshing org.springframework.context.annotation.AnnotationConfigApplicationContext@409a7d6: startup date [Tue Aug 08 21:31:10 CST 2017]; root of context hierarchy
2017-08-08 21:31:10.392  INFO 16444 --- [nio-8888-exec-9] o.s.boot.SpringApplication               : Started application in 0.03 seconds (JVM running for 3037.415)
2017-08-08 21:31:10.392  INFO 16444 --- [nio-8888-exec-9] o.s.c.c.s.e.NativeEnvironmentRepository  : Adding property source: file:/var/folders/2b/hyl319zn0hv61n8whzdwdzqh0000gp/T/config-repo-3608622687910225166/inventory-service.yml#development
2017-08-08 21:31:10.392  INFO 16444 --- [nio-8888-exec-9] o.s.c.c.s.e.NativeEnvironmentRepository  : Adding property source: file:/var/folders/2b/hyl319zn0hv61n8whzdwdzqh0000gp/T/config-repo-3608622687910225166/inventory-service.yml
2017-08-08 21:31:10.392  INFO 16444 --- [nio-8888-exec-9] o.s.c.c.s.e.NativeEnvironmentRepository  : Adding property source: file:/var/folders/2b/hyl319zn0hv61n8whzdwdzqh0000gp/T/config-repo-3608622687910225166/application.yml
2017-08-08 21:31:10.392  INFO 16444 --- [nio-8888-exec-9] s.c.a.AnnotationConfigApplicationContext : Closing org.springframework.context.annotation.AnnotationConfigApplicationContext@409a7d6: startup date [Tue Aug 08 21:31:10 CST 2017]; root of context hierarchy
2017-08-08 21:33:40.641  INFO 16444 --- [nio-8888-exec-1] o.s.boot.SpringApplication               : Starting application on bogon with PID 16444 (started by bliang in /Users/bliang/Downloads/brightdemo/config-service)
2017-08-08 21:33:40.641  INFO 16444 --- [nio-8888-exec-1] o.s.boot.SpringApplication               : The following profiles are active: development
2017-08-08 21:33:40.645  INFO 16444 --- [nio-8888-exec-1] s.c.a.AnnotationConfigApplicationContext : Refreshing org.springframework.context.annotation.AnnotationConfigApplicationContext@6cc2d0c6: startup date [Tue Aug 08 21:33:40 CST 2017]; root of context hierarchy
2017-08-08 21:33:40.653  INFO 16444 --- [nio-8888-exec-1] o.s.boot.SpringApplication               : Started application in 0.06 seconds (JVM running for 3187.681)
2017-08-08 21:33:40.653  INFO 16444 --- [nio-8888-exec-1] o.s.c.c.s.e.NativeEnvironmentRepository  : Adding property source: file:/var/folders/2b/hyl319zn0hv61n8whzdwdzqh0000gp/T/config-repo-3608622687910225166/inventory-service.yml#development
2017-08-08 21:33:40.653  INFO 16444 --- [nio-8888-exec-1] o.s.c.c.s.e.NativeEnvironmentRepository  : Adding property source: file:/var/folders/2b/hyl319zn0hv61n8whzdwdzqh0000gp/T/config-repo-3608622687910225166/inventory-service.yml
2017-08-08 21:33:40.653  INFO 16444 --- [nio-8888-exec-1] o.s.c.c.s.e.NativeEnvironmentRepository  : Adding property source: file:/var/folders/2b/hyl319zn0hv61n8whzdwdzqh0000gp/T/config-repo-3608622687910225166/application.yml
2017-08-08 21:33:40.653  INFO 16444 --- [nio-8888-exec-1] s.c.a.AnnotationConfigApplicationContext : Closing org.springframework.context.annotation.AnnotationConfigApplicationContext@6cc2d0c6: startup date [Tue Aug 08 21:33:40 CST 2017]; root of context hierarchy
2017-08-08 21:35:31.224  INFO 16444 --- [nio-8888-exec-3] o.s.boot.SpringApplication               : Starting application on bogon with PID 16444 (started by bliang in /Users/bliang/Downloads/brightdemo/config-service)
2017-08-08 21:35:31.224  INFO 16444 --- [nio-8888-exec-3] o.s.boot.SpringApplication               : The following profiles are active: development
2017-08-08 21:35:31.228  INFO 16444 --- [nio-8888-exec-3] s.c.a.AnnotationConfigApplicationContext : Refreshing org.springframework.context.annotation.AnnotationConfigApplicationContext@309f2d24: startup date [Tue Aug 08 21:35:31 CST 2017]; root of context hierarchy
2017-08-08 21:35:31.237  INFO 16444 --- [nio-8888-exec-3] o.s.boot.SpringApplication               : Started application in 0.062 seconds (JVM running for 3298.27)
2017-08-08 21:35:31.237  INFO 16444 --- [nio-8888-exec-3] o.s.c.c.s.e.NativeEnvironmentRepository  : Adding property source: file:/var/folders/2b/hyl319zn0hv61n8whzdwdzqh0000gp/T/config-repo-3608622687910225166/inventory-service.yml#development
2017-08-08 21:35:31.237  INFO 16444 --- [nio-8888-exec-3] o.s.c.c.s.e.NativeEnvironmentRepository  : Adding property source: file:/var/folders/2b/hyl319zn0hv61n8whzdwdzqh0000gp/T/config-repo-3608622687910225166/inventory-service.yml
2017-08-08 21:35:31.237  INFO 16444 --- [nio-8888-exec-3] o.s.c.c.s.e.NativeEnvironmentRepository  : Adding property source: file:/var/folders/2b/hyl319zn0hv61n8whzdwdzqh0000gp/T/config-repo-3608622687910225166/application.yml
2017-08-08 21:35:31.237  INFO 16444 --- [nio-8888-exec-3] s.c.a.AnnotationConfigApplicationContext : Closing org.springframework.context.annotation.AnnotationConfigApplicationContext@309f2d24: startup date [Tue Aug 08 21:35:31 CST 2017]; root of context hierarchy
2017-08-08 21:36:47.125  INFO 16444 --- [nio-8888-exec-5] o.s.boot.SpringApplication               : Starting application on bogon with PID 16444 (started by bliang in /Users/bliang/Downloads/brightdemo/config-service)
2017-08-08 21:36:47.126  INFO 16444 --- [nio-8888-exec-5] o.s.boot.SpringApplication               : The following profiles are active: development
2017-08-08 21:36:47.139  INFO 16444 --- [nio-8888-exec-5] s.c.a.AnnotationConfigApplicationContext : Refreshing org.springframework.context.annotation.AnnotationConfigApplicationContext@a423538: startup date [Tue Aug 08 21:36:47 CST 2017]; root of context hierarchy
2017-08-08 21:36:47.147  INFO 16444 --- [nio-8888-exec-5] o.s.boot.SpringApplication               : Started application in 0.093 seconds (JVM running for 3374.183)
2017-08-08 21:36:47.147  INFO 16444 --- [nio-8888-exec-5] o.s.c.c.s.e.NativeEnvironmentRepository  : Adding property source: file:/var/folders/2b/hyl319zn0hv61n8whzdwdzqh0000gp/T/config-repo-3608622687910225166/order-service.yml#development
2017-08-08 21:36:47.147  INFO 16444 --- [nio-8888-exec-5] o.s.c.c.s.e.NativeEnvironmentRepository  : Adding property source: file:/var/folders/2b/hyl319zn0hv61n8whzdwdzqh0000gp/T/config-repo-3608622687910225166/order-service.yml
2017-08-08 21:36:47.148  INFO 16444 --- [nio-8888-exec-5] o.s.c.c.s.e.NativeEnvironmentRepository  : Adding property source: file:/var/folders/2b/hyl319zn0hv61n8whzdwdzqh0000gp/T/config-repo-3608622687910225166/application.yml
2017-08-08 21:36:47.148  INFO 16444 --- [nio-8888-exec-5] s.c.a.AnnotationConfigApplicationContext : Closing org.springframework.context.annotation.AnnotationConfigApplicationContext@a423538: startup date [Tue Aug 08 21:36:47 CST 2017]; root of context hierarchy
2017-08-08 21:38:06.356  INFO 16444 --- [nio-8888-exec-7] o.s.boot.SpringApplication               : Starting application on bogon with PID 16444 (started by bliang in /Users/bliang/Downloads/brightdemo/config-service)
2017-08-08 21:38:06.356  INFO 16444 --- [nio-8888-exec-7] o.s.boot.SpringApplication               : The following profiles are active: development
2017-08-08 21:38:06.359  INFO 16444 --- [nio-8888-exec-7] s.c.a.AnnotationConfigApplicationContext : Refreshing org.springframework.context.annotation.AnnotationConfigApplicationContext@1f630c36: startup date [Tue Aug 08 21:38:06 CST 2017]; root of context hierarchy
2017-08-08 21:38:06.365  INFO 16444 --- [nio-8888-exec-7] o.s.boot.SpringApplication               : Started application in 0.055 seconds (JVM running for 3453.404)
2017-08-08 21:38:06.366  INFO 16444 --- [nio-8888-exec-7] o.s.c.c.s.e.NativeEnvironmentRepository  : Adding property source: file:/var/folders/2b/hyl319zn0hv61n8whzdwdzqh0000gp/T/config-repo-3608622687910225166/order-service.yml#development
2017-08-08 21:38:06.366  INFO 16444 --- [nio-8888-exec-7] o.s.c.c.s.e.NativeEnvironmentRepository  : Adding property source: file:/var/folders/2b/hyl319zn0hv61n8whzdwdzqh0000gp/T/config-repo-3608622687910225166/order-service.yml
2017-08-08 21:38:06.366  INFO 16444 --- [nio-8888-exec-7] o.s.c.c.s.e.NativeEnvironmentRepository  : Adding property source: file:/var/folders/2b/hyl319zn0hv61n8whzdwdzqh0000gp/T/config-repo-3608622687910225166/application.yml
2017-08-08 21:38:06.366  INFO 16444 --- [nio-8888-exec-7] s.c.a.AnnotationConfigApplicationContext : Closing org.springframework.context.annotation.AnnotationConfigApplicationContext@1f630c36: startup date [Tue Aug 08 21:38:06 CST 2017]; root of context hierarchy
2017-08-08 21:38:41.925  INFO 16444 --- [nio-8888-exec-9] o.s.boot.SpringApplication               : Starting application on bogon with PID 16444 (started by bliang in /Users/bliang/Downloads/brightdemo/config-service)
2017-08-08 21:38:41.926  INFO 16444 --- [nio-8888-exec-9] o.s.boot.SpringApplication               : The following profiles are active: development
2017-08-08 21:38:41.930  INFO 16444 --- [nio-8888-exec-9] s.c.a.AnnotationConfigApplicationContext : Refreshing org.springframework.context.annotation.AnnotationConfigApplicationContext@3a1ef39b: startup date [Tue Aug 08 21:38:41 CST 2017]; root of context hierarchy
2017-08-08 21:38:41.936  INFO 16444 --- [nio-8888-exec-9] o.s.boot.SpringApplication               : Started application in 0.059 seconds (JVM running for 3488.977)
2017-08-08 21:38:41.937  INFO 16444 --- [nio-8888-exec-9] o.s.c.c.s.e.NativeEnvironmentRepository  : Adding property source: file:/var/folders/2b/hyl319zn0hv61n8whzdwdzqh0000gp/T/config-repo-3608622687910225166/order-service.yml#development
2017-08-08 21:38:41.937  INFO 16444 --- [nio-8888-exec-9] o.s.c.c.s.e.NativeEnvironmentRepository  : Adding property source: file:/var/folders/2b/hyl319zn0hv61n8whzdwdzqh0000gp/T/config-repo-3608622687910225166/order-service.yml
2017-08-08 21:38:41.937  INFO 16444 --- [nio-8888-exec-9] o.s.c.c.s.e.NativeEnvironmentRepository  : Adding property source: file:/var/folders/2b/hyl319zn0hv61n8whzdwdzqh0000gp/T/config-repo-3608622687910225166/application.yml
2017-08-08 21:38:41.938  INFO 16444 --- [nio-8888-exec-9] s.c.a.AnnotationConfigApplicationContext : Closing org.springframework.context.annotation.AnnotationConfigApplicationContext@3a1ef39b: startup date [Tue Aug 08 21:38:41 CST 2017]; root of context hierarchy
2017-08-08 21:39:23.361  INFO 16444 --- [nio-8888-exec-1] o.s.boot.SpringApplication               : Starting application on bogon with PID 16444 (started by bliang in /Users/bliang/Downloads/brightdemo/config-service)
2017-08-08 21:39:23.362  INFO 16444 --- [nio-8888-exec-1] o.s.boot.SpringApplication               : The following profiles are active: development
2017-08-08 21:39:23.366  INFO 16444 --- [nio-8888-exec-1] s.c.a.AnnotationConfigApplicationContext : Refreshing org.springframework.context.annotation.AnnotationConfigApplicationContext@328e33ac: startup date [Tue Aug 08 21:39:23 CST 2017]; root of context hierarchy
2017-08-08 21:39:23.373  INFO 16444 --- [nio-8888-exec-1] o.s.boot.SpringApplication               : Started application in 0.059 seconds (JVM running for 3530.415)
2017-08-08 21:39:23.373  INFO 16444 --- [nio-8888-exec-1] o.s.c.c.s.e.NativeEnvironmentRepository  : Adding property source: file:/var/folders/2b/hyl319zn0hv61n8whzdwdzqh0000gp/T/config-repo-3608622687910225166/order-service.yml#development
2017-08-08 21:39:23.373  INFO 16444 --- [nio-8888-exec-1] o.s.c.c.s.e.NativeEnvironmentRepository  : Adding property source: file:/var/folders/2b/hyl319zn0hv61n8whzdwdzqh0000gp/T/config-repo-3608622687910225166/order-service.yml
2017-08-08 21:39:23.374  INFO 16444 --- [nio-8888-exec-1] o.s.c.c.s.e.NativeEnvironmentRepository  : Adding property source: file:/var/folders/2b/hyl319zn0hv61n8whzdwdzqh0000gp/T/config-repo-3608622687910225166/application.yml
2017-08-08 21:39:23.374  INFO 16444 --- [nio-8888-exec-1] s.c.a.AnnotationConfigApplicationContext : Closing org.springframework.context.annotation.AnnotationConfigApplicationContext@328e33ac: startup date [Tue Aug 08 21:39:23 CST 2017]; root of context hierarchy
2017-08-08 21:42:32.716  INFO 16444 --- [nio-8888-exec-3] o.s.boot.SpringApplication               : Starting application on bogon with PID 16444 (started by bliang in /Users/bliang/Downloads/brightdemo/config-service)
2017-08-08 21:42:32.716  INFO 16444 --- [nio-8888-exec-3] o.s.boot.SpringApplication               : The following profiles are active: development
2017-08-08 21:42:32.731  INFO 16444 --- [nio-8888-exec-3] s.c.a.AnnotationConfigApplicationContext : Refreshing org.springframework.context.annotation.AnnotationConfigApplicationContext@45289a17: startup date [Tue Aug 08 21:42:32 CST 2017]; root of context hierarchy
2017-08-08 21:42:32.759  INFO 16444 --- [nio-8888-exec-3] o.s.boot.SpringApplication               : Started application in 0.136 seconds (JVM running for 3719.808)
2017-08-08 21:42:32.761  INFO 16444 --- [nio-8888-exec-3] o.s.c.c.s.e.NativeEnvironmentRepository  : Adding property source: file:/var/folders/2b/hyl319zn0hv61n8whzdwdzqh0000gp/T/config-repo-3608622687910225166/shopping-cart-service.yml#development
2017-08-08 21:42:32.761  INFO 16444 --- [nio-8888-exec-3] o.s.c.c.s.e.NativeEnvironmentRepository  : Adding property source: file:/var/folders/2b/hyl319zn0hv61n8whzdwdzqh0000gp/T/config-repo-3608622687910225166/shopping-cart-service.yml
2017-08-08 21:42:32.762  INFO 16444 --- [nio-8888-exec-3] o.s.c.c.s.e.NativeEnvironmentRepository  : Adding property source: file:/var/folders/2b/hyl319zn0hv61n8whzdwdzqh0000gp/T/config-repo-3608622687910225166/application.yml
2017-08-08 21:42:32.764  INFO 16444 --- [nio-8888-exec-3] s.c.a.AnnotationConfigApplicationContext : Closing org.springframework.context.annotation.AnnotationConfigApplicationContext@45289a17: startup date [Tue Aug 08 21:42:32 CST 2017]; root of context hierarchy
2017-08-08 21:44:15.578  INFO 16444 --- [nio-8888-exec-5] o.s.boot.SpringApplication               : Starting application on bogon with PID 16444 (started by bliang in /Users/bliang/Downloads/brightdemo/config-service)
2017-08-08 21:44:15.579  INFO 16444 --- [nio-8888-exec-5] o.s.boot.SpringApplication               : The following profiles are active: development
2017-08-08 21:44:15.586  INFO 16444 --- [nio-8888-exec-5] s.c.a.AnnotationConfigApplicationContext : Refreshing org.springframework.context.annotation.AnnotationConfigApplicationContext@105d9eec: startup date [Tue Aug 08 21:44:15 CST 2017]; root of context hierarchy
2017-08-08 21:44:15.599  INFO 16444 --- [nio-8888-exec-5] o.s.boot.SpringApplication               : Started application in 0.132 seconds (JVM running for 3822.652)
2017-08-08 21:44:15.600  INFO 16444 --- [nio-8888-exec-5] o.s.c.c.s.e.NativeEnvironmentRepository  : Adding property source: file:/var/folders/2b/hyl319zn0hv61n8whzdwdzqh0000gp/T/config-repo-3608622687910225166/online-store-web.yml#development
2017-08-08 21:44:15.600  INFO 16444 --- [nio-8888-exec-5] o.s.c.c.s.e.NativeEnvironmentRepository  : Adding property source: file:/var/folders/2b/hyl319zn0hv61n8whzdwdzqh0000gp/T/config-repo-3608622687910225166/online-store-web.yml
2017-08-08 21:44:15.600  INFO 16444 --- [nio-8888-exec-5] o.s.c.c.s.e.NativeEnvironmentRepository  : Adding property source: file:/var/folders/2b/hyl319zn0hv61n8whzdwdzqh0000gp/T/config-repo-3608622687910225166/application.yml
2017-08-08 21:44:15.600  INFO 16444 --- [nio-8888-exec-5] s.c.a.AnnotationConfigApplicationContext : Closing org.springframework.context.annotation.AnnotationConfigApplicationContext@105d9eec: startup date [Tue Aug 08 21:44:15 CST 2017]; root of context hierarchy
2017-08-08 21:58:28.878  INFO 16444 --- [nio-8888-exec-7] o.s.boot.SpringApplication               : Starting application on bogon with PID 16444 (started by bliang in /Users/bliang/Downloads/brightdemo/config-service)
2017-08-08 21:58:28.880  INFO 16444 --- [nio-8888-exec-7] o.s.boot.SpringApplication               : The following profiles are active: development
2017-08-08 21:58:28.899  INFO 16444 --- [nio-8888-exec-7] s.c.a.AnnotationConfigApplicationContext : Refreshing org.springframework.context.annotation.AnnotationConfigApplicationContext@75ed3c5: startup date [Tue Aug 08 21:58:28 CST 2017]; root of context hierarchy
2017-08-08 21:58:28.927  INFO 16444 --- [nio-8888-exec-7] o.s.boot.SpringApplication               : Started application in 0.201 seconds (JVM running for 4676.013)
2017-08-08 21:58:28.927  INFO 16444 --- [nio-8888-exec-7] o.s.c.c.s.e.NativeEnvironmentRepository  : Adding property source: file:/var/folders/2b/hyl319zn0hv61n8whzdwdzqh0000gp/T/config-repo-3608622687910225166/catalog-service.yml#development
2017-08-08 21:58:28.927  INFO 16444 --- [nio-8888-exec-7] o.s.c.c.s.e.NativeEnvironmentRepository  : Adding property source: file:/var/folders/2b/hyl319zn0hv61n8whzdwdzqh0000gp/T/config-repo-3608622687910225166/catalog-service.yml
2017-08-08 21:58:28.927  INFO 16444 --- [nio-8888-exec-7] o.s.c.c.s.e.NativeEnvironmentRepository  : Adding property source: file:/var/folders/2b/hyl319zn0hv61n8whzdwdzqh0000gp/T/config-repo-3608622687910225166/application.yml
2017-08-08 21:58:28.927  INFO 16444 --- [nio-8888-exec-7] s.c.a.AnnotationConfigApplicationContext : Closing org.springframework.context.annotation.AnnotationConfigApplicationContext@75ed3c5: startup date [Tue Aug 08 21:58:28 CST 2017]; root of context hierarchy
2017-08-08 21:59:05.493  INFO 16444 --- [nio-8888-exec-9] o.s.boot.SpringApplication               : Starting application on bogon with PID 16444 (started by bliang in /Users/bliang/Downloads/brightdemo/config-service)
2017-08-08 21:59:05.493  INFO 16444 --- [nio-8888-exec-9] o.s.boot.SpringApplication               : The following profiles are active: development
2017-08-08 21:59:05.505  INFO 16444 --- [nio-8888-exec-9] s.c.a.AnnotationConfigApplicationContext : Refreshing org.springframework.context.annotation.AnnotationConfigApplicationContext@76d34c5d: startup date [Tue Aug 08 21:59:05 CST 2017]; root of context hierarchy
2017-08-08 21:59:05.520  INFO 16444 --- [nio-8888-exec-9] o.s.boot.SpringApplication               : Started application in 0.173 seconds (JVM running for 4712.608)
2017-08-08 21:59:05.521  INFO 16444 --- [nio-8888-exec-9] o.s.c.c.s.e.NativeEnvironmentRepository  : Adding property source: file:/var/folders/2b/hyl319zn0hv61n8whzdwdzqh0000gp/T/config-repo-3608622687910225166/account-service.yml#development
2017-08-08 21:59:05.521  INFO 16444 --- [nio-8888-exec-9] o.s.c.c.s.e.NativeEnvironmentRepository  : Adding property source: file:/var/folders/2b/hyl319zn0hv61n8whzdwdzqh0000gp/T/config-repo-3608622687910225166/account-service.yml
2017-08-08 21:59:05.522  INFO 16444 --- [nio-8888-exec-9] o.s.c.c.s.e.NativeEnvironmentRepository  : Adding property source: file:/var/folders/2b/hyl319zn0hv61n8whzdwdzqh0000gp/T/config-repo-3608622687910225166/application.yml
2017-08-08 21:59:05.522  INFO 16444 --- [nio-8888-exec-9] s.c.a.AnnotationConfigApplicationContext : Closing org.springframework.context.annotation.AnnotationConfigApplicationContext@76d34c5d: startup date [Tue Aug 08 21:59:05 CST 2017]; root of context hierarchy
2017-08-09 09:11:41.747  INFO 16444 --- [       Thread-5] ationConfigEmbeddedWebApplicationContext : Closing org.springframework.boot.context.embedded.AnnotationConfigEmbeddedWebApplicationContext@30a6365f: startup date [Tue Aug 08 20:40:34 CST 2017]; parent: org.springframework.context.annotation.AnnotationConfigApplicationContext@2c4460a5
2017-08-09 09:11:41.919  INFO 16444 --- [       Thread-5] o.s.c.support.DefaultLifecycleProcessor  : Stopping beans in phase 0
2017-08-09 09:11:42.030  INFO 16444 --- [       Thread-5] o.s.j.e.a.AnnotationMBeanExporter        : Unregistering JMX-exposed beans on shutdown
2017-08-09 09:11:42.031  INFO 16444 --- [       Thread-5] o.s.j.e.a.AnnotationMBeanExporter        : Unregistering JMX-exposed beans
