2017-08-08 21:58:24.665  INFO 21027 --- [           main] s.c.a.AnnotationConfigApplicationContext : Refreshing org.springframework.context.annotation.AnnotationConfigApplicationContext@7bc14b6f: startup date [Tue Aug 08 21:58:24 CST 2017]; root of context hierarchy
2017-08-08 21:58:24.870  INFO 21027 --- [           main] f.a.AutowiredAnnotationBeanPostProcessor : JSR-330 'javax.inject.Inject' annotation found and supported for autowiring
2017-08-08 21:58:24.894  INFO 21027 --- [           main] trationDelegate$BeanPostProcessorChecker : Bean 'configurationPropertiesRebinderAutoConfiguration' of type [class org.springframework.cloud.autoconfigure.ConfigurationPropertiesRebinderAutoConfiguration$$EnhancerBySpringCGLIB$$c7ec9eac] is not eligible for getting processed by all BeanPostProcessors (for example: not eligible for auto-proxying)

  .   ____          _            __ _ _
 /\\ / ___'_ __ _ _(_)_ __  __ _ \ \ \ \
( ( )\___ | '_ | '_| | '_ \/ _` | \ \ \ \
 \\/  ___)| |_)| | | | | || (_| |  ) ) ) )
  '  |____| .__|_| |_|_| |_\__, | / / / /
 =========|_|==============|___/=/_/_/_/
 :: Spring Boot ::        (v1.3.3.RELEASE)

2017-08-08 21:58:25.211  INFO 21027 --- [           main] c.c.c.ConfigServicePropertySourceLocator : Fetching config from server at: http://localhost:8888
2017-08-08 21:58:28.951  INFO 21027 --- [           main] c.c.c.ConfigServicePropertySourceLocator : Located environment: name=catalog-service, profiles=[development], label=null, version=72327c8a18a156a2341e0e097731e170c5f82341
2017-08-08 21:58:28.952  INFO 21027 --- [           main] b.c.PropertySourceBootstrapConfiguration : Located property source: CompositePropertySource [name='configService', propertySources=[MapPropertySource [name='https://github.com/liangboyi/spring-cloud-event-sourcing-config.git/catalog-service.yml#development'], MapPropertySource [name='https://github.com/liangboyi/spring-cloud-event-sourcing-config.git/catalog-service.yml'], MapPropertySource [name='https://github.com/liangboyi/spring-cloud-event-sourcing-config.git/application.yml']]]
2017-08-08 21:58:28.985  INFO 21027 --- [           main] demo.CatalogServiceApplication           : The following profiles are active: development
2017-08-08 21:58:28.998  INFO 21027 --- [           main] ationConfigEmbeddedWebApplicationContext : Refreshing org.springframework.boot.context.embedded.AnnotationConfigEmbeddedWebApplicationContext@56b43924: startup date [Tue Aug 08 21:58:28 CST 2017]; parent: org.springframework.context.annotation.AnnotationConfigApplicationContext@7bc14b6f
2017-08-08 21:58:29.808  INFO 21027 --- [           main] o.s.b.f.s.DefaultListableBeanFactory     : Overriding bean definition for bean 'hystrixFeature' with a different definition: replacing [Root bean: class [null]; scope=; abstract=false; lazyInit=false; autowireMode=3; dependencyCheck=0; autowireCandidate=true; primary=false; factoryBeanName=org.springframework.cloud.netflix.hystrix.HystrixCircuitBreakerConfiguration$HystrixWebConfiguration; factoryMethodName=hystrixFeature; initMethodName=null; destroyMethodName=(inferred); defined in class path resource [org/springframework/cloud/netflix/hystrix/HystrixCircuitBreakerConfiguration$HystrixWebConfiguration.class]] with [Root bean: class [null]; scope=; abstract=false; lazyInit=false; autowireMode=3; dependencyCheck=0; autowireCandidate=true; primary=false; factoryBeanName=org.springframework.cloud.netflix.hystrix.HystrixCircuitBreakerConfiguration; factoryMethodName=hystrixFeature; initMethodName=null; destroyMethodName=(inferred); defined in class path resource [org/springframework/cloud/netflix/hystrix/HystrixCircuitBreakerConfiguration.class]]
2017-08-08 21:58:29.852  INFO 21027 --- [           main] o.s.b.f.s.DefaultListableBeanFactory     : Overriding bean definition for bean 'beanNameViewResolver' with a different definition: replacing [Root bean: class [null]; scope=; abstract=false; lazyInit=false; autowireMode=3; dependencyCheck=0; autowireCandidate=true; primary=false; factoryBeanName=org.springframework.boot.autoconfigure.web.ErrorMvcAutoConfiguration$WhitelabelErrorViewConfiguration; factoryMethodName=beanNameViewResolver; initMethodName=null; destroyMethodName=(inferred); defined in class path resource [org/springframework/boot/autoconfigure/web/ErrorMvcAutoConfiguration$WhitelabelErrorViewConfiguration.class]] with [Root bean: class [null]; scope=; abstract=false; lazyInit=false; autowireMode=3; dependencyCheck=0; autowireCandidate=true; primary=false; factoryBeanName=org.springframework.boot.autoconfigure.web.WebMvcAutoConfiguration$WebMvcAutoConfigurationAdapter; factoryMethodName=beanNameViewResolver; initMethodName=null; destroyMethodName=(inferred); defined in class path resource [org/springframework/boot/autoconfigure/web/WebMvcAutoConfiguration$WebMvcAutoConfigurationAdapter.class]]
2017-08-08 21:58:29.968  INFO 21027 --- [           main] o.s.b.f.s.DefaultListableBeanFactory     : Overriding bean definition for bean 'managementServletContext' with a different definition: replacing [Root bean: class [null]; scope=; abstract=false; lazyInit=false; autowireMode=3; dependencyCheck=0; autowireCandidate=true; primary=false; factoryBeanName=org.springframework.boot.actuate.autoconfigure.EndpointWebMvcHypermediaManagementContextConfiguration; factoryMethodName=managementServletContext; initMethodName=null; destroyMethodName=(inferred); defined in class path resource [org/springframework/boot/actuate/autoconfigure/EndpointWebMvcHypermediaManagementContextConfiguration.class]] with [Root bean: class [null]; scope=; abstract=false; lazyInit=false; autowireMode=3; dependencyCheck=0; autowireCandidate=true; primary=false; factoryBeanName=org.springframework.boot.actuate.autoconfigure.EndpointWebMvcAutoConfiguration; factoryMethodName=managementServletContext; initMethodName=null; destroyMethodName=(inferred); defined in class path resource [org/springframework/boot/actuate/autoconfigure/EndpointWebMvcAutoConfiguration.class]]
2017-08-08 21:58:30.197  INFO 21027 --- [           main] o.s.cloud.context.scope.GenericScope     : BeanFactory id=a8bdf9a2-0e5a-33e0-a648-b10c524502ba
2017-08-08 21:58:30.209  INFO 21027 --- [           main] f.a.AutowiredAnnotationBeanPostProcessor : JSR-330 'javax.inject.Inject' annotation found and supported for autowiring
2017-08-08 21:58:30.335  INFO 21027 --- [           main] trationDelegate$BeanPostProcessorChecker : Bean 'org.springframework.transaction.annotation.ProxyTransactionManagementConfiguration' of type [class org.springframework.transaction.annotation.ProxyTransactionManagementConfiguration$$EnhancerBySpringCGLIB$$1413374f] is not eligible for getting processed by all BeanPostProcessors (for example: not eligible for auto-proxying)
2017-08-08 21:58:30.534  INFO 21027 --- [           main] trationDelegate$BeanPostProcessorChecker : Bean 'org.springframework.cloud.netflix.metrics.MetricsInterceptorConfiguration$MetricsRestTemplateConfiguration' of type [class org.springframework.cloud.netflix.metrics.MetricsInterceptorConfiguration$MetricsRestTemplateConfiguration$$EnhancerBySpringCGLIB$$9dbc2970] is not eligible for getting processed by all BeanPostProcessors (for example: not eligible for auto-proxying)
2017-08-08 21:58:30.554  INFO 21027 --- [           main] trationDelegate$BeanPostProcessorChecker : Bean 'org.springframework.cloud.netflix.metrics.servo.ServoMetricsAutoConfiguration' of type [class org.springframework.cloud.netflix.metrics.servo.ServoMetricsAutoConfiguration$$EnhancerBySpringCGLIB$$a68f6935] is not eligible for getting processed by all BeanPostProcessors (for example: not eligible for auto-proxying)
2017-08-08 21:58:30.580  INFO 21027 --- [           main] trationDelegate$BeanPostProcessorChecker : Bean 'servoMetricsConfig' of type [class org.springframework.cloud.netflix.metrics.servo.ServoMetricsConfigBean] is not eligible for getting processed by all BeanPostProcessors (for example: not eligible for auto-proxying)
2017-08-08 21:58:30.586  INFO 21027 --- [           main] trationDelegate$BeanPostProcessorChecker : Bean 'monitorRegistry' of type [class com.netflix.servo.DefaultMonitorRegistry] is not eligible for getting processed by all BeanPostProcessors (for example: not eligible for auto-proxying)
2017-08-08 21:58:30.595  INFO 21027 --- [           main] trationDelegate$BeanPostProcessorChecker : Bean 'defaultMetricsTagProvider' of type [class org.springframework.cloud.netflix.metrics.DefaultMetricsTagProvider] is not eligible for getting processed by all BeanPostProcessors (for example: not eligible for auto-proxying)
2017-08-08 21:58:30.603  INFO 21027 --- [           main] trationDelegate$BeanPostProcessorChecker : Bean 'monitorCache' of type [class org.springframework.cloud.netflix.metrics.servo.ServoMonitorCache] is not eligible for getting processed by all BeanPostProcessors (for example: not eligible for auto-proxying)
2017-08-08 21:58:30.604  INFO 21027 --- [           main] trationDelegate$BeanPostProcessorChecker : Bean 'spectatorLoggingClientHttpRequestInterceptor' of type [class org.springframework.cloud.netflix.metrics.MetricsClientHttpRequestInterceptor] is not eligible for getting processed by all BeanPostProcessors (for example: not eligible for auto-proxying)
2017-08-08 21:58:30.629  INFO 21027 --- [           main] trationDelegate$BeanPostProcessorChecker : Bean 'org.springframework.cloud.autoconfigure.ConfigurationPropertiesRebinderAutoConfiguration' of type [class org.springframework.cloud.autoconfigure.ConfigurationPropertiesRebinderAutoConfiguration$$EnhancerBySpringCGLIB$$c7ec9eac] is not eligible for getting processed by all BeanPostProcessors (for example: not eligible for auto-proxying)
2017-08-08 21:58:30.645  INFO 21027 --- [           main] trationDelegate$BeanPostProcessorChecker : Bean 'org.springframework.cloud.autoconfigure.RefreshEndpointAutoConfiguration' of type [class org.springframework.cloud.autoconfigure.RefreshEndpointAutoConfiguration$$EnhancerBySpringCGLIB$$faca99e2] is not eligible for getting processed by all BeanPostProcessors (for example: not eligible for auto-proxying)
2017-08-08 21:58:31.040  INFO 21027 --- [           main] s.b.c.e.t.TomcatEmbeddedServletContainer : Tomcat initialized with port(s): 0 (http)
2017-08-08 21:58:31.051  INFO 21027 --- [           main] o.apache.catalina.core.StandardService   : Starting service Tomcat
2017-08-08 21:58:31.053  INFO 21027 --- [           main] org.apache.catalina.core.StandardEngine  : Starting Servlet Engine: Apache Tomcat/8.0.32
2017-08-08 21:58:31.130  INFO 21027 --- [ost-startStop-1] o.a.c.c.C.[Tomcat].[localhost].[/]       : Initializing Spring embedded WebApplicationContext
2017-08-08 21:58:31.131  INFO 21027 --- [ost-startStop-1] o.s.web.context.ContextLoader            : Root WebApplicationContext: initialization completed in 2133 ms
2017-08-08 21:58:31.777  INFO 21027 --- [ost-startStop-1] o.s.b.c.e.ServletRegistrationBean        : Mapping servlet: 'dispatcherServlet' to [/]
2017-08-08 21:58:31.781  INFO 21027 --- [ost-startStop-1] o.s.b.c.embedded.FilterRegistrationBean  : Mapping filter: 'metricFilter' to: [/*]
2017-08-08 21:58:31.781  INFO 21027 --- [ost-startStop-1] o.s.b.c.embedded.FilterRegistrationBean  : Mapping filter: 'characterEncodingFilter' to: [/*]
2017-08-08 21:58:31.781  INFO 21027 --- [ost-startStop-1] o.s.b.c.embedded.FilterRegistrationBean  : Mapping filter: 'hiddenHttpMethodFilter' to: [/*]
2017-08-08 21:58:31.782  INFO 21027 --- [ost-startStop-1] o.s.b.c.embedded.FilterRegistrationBean  : Mapping filter: 'httpPutFormContentFilter' to: [/*]
2017-08-08 21:58:31.782  INFO 21027 --- [ost-startStop-1] o.s.b.c.embedded.FilterRegistrationBean  : Mapping filter: 'requestContextFilter' to: [/*]
2017-08-08 21:58:31.782  INFO 21027 --- [ost-startStop-1] o.s.b.c.embedded.FilterRegistrationBean  : Mapping filter: 'webRequestLoggingFilter' to: [/*]
2017-08-08 21:58:31.782  INFO 21027 --- [ost-startStop-1] o.s.b.c.embedded.FilterRegistrationBean  : Mapping filter: 'applicationContextIdFilter' to: [/*]
2017-08-08 21:58:32.249  INFO 21027 --- [           main] o.s.jdbc.datasource.init.ScriptUtils     : Executing SQL script from URL [jar:file:/Users/bliang/Downloads/brightdemo/catalog-service/target/catalog-service-0.0.1-SNAPSHOT.jar!/schema.sql]
2017-08-08 21:58:32.330  INFO 21027 --- [           main] o.s.jdbc.datasource.init.ScriptUtils     : Executed SQL script from URL [jar:file:/Users/bliang/Downloads/brightdemo/catalog-service/target/catalog-service-0.0.1-SNAPSHOT.jar!/schema.sql] in 81 ms.
2017-08-08 21:58:32.333  INFO 21027 --- [           main] o.s.jdbc.datasource.init.ScriptUtils     : Executing SQL script from URL [jar:file:/Users/bliang/Downloads/brightdemo/catalog-service/target/catalog-service-0.0.1-SNAPSHOT.jar!/data.sql]
2017-08-08 21:58:32.347  INFO 21027 --- [           main] o.s.jdbc.datasource.init.ScriptUtils     : Executed SQL script from URL [jar:file:/Users/bliang/Downloads/brightdemo/catalog-service/target/catalog-service-0.0.1-SNAPSHOT.jar!/data.sql] in 14 ms.
2017-08-08 21:58:32.415  INFO 21027 --- [           main] j.LocalContainerEntityManagerFactoryBean : Building JPA container EntityManagerFactory for persistence unit 'default'
2017-08-08 21:58:32.426  INFO 21027 --- [           main] o.hibernate.jpa.internal.util.LogHelper  : HHH000204: Processing PersistenceUnitInfo [
	name: default
	...]
2017-08-08 21:58:32.508  INFO 21027 --- [           main] org.hibernate.Version                    : HHH000412: Hibernate Core {4.3.11.Final}
2017-08-08 21:58:32.512  INFO 21027 --- [           main] org.hibernate.cfg.Environment            : HHH000206: hibernate.properties not found
2017-08-08 21:58:32.513  INFO 21027 --- [           main] org.hibernate.cfg.Environment            : HHH000021: Bytecode provider name : javassist
2017-08-08 21:58:32.775  INFO 21027 --- [           main] o.hibernate.annotations.common.Version   : HCANN000001: Hibernate Commons Annotations {4.0.5.Final}
2017-08-08 21:58:32.827  INFO 21027 --- [           main] org.hibernate.dialect.Dialect            : HHH000400: Using dialect: org.hibernate.dialect.MySQL5Dialect
2017-08-08 21:58:32.909  INFO 21027 --- [           main] o.h.h.i.ast.ASTQueryTranslatorFactory    : HHH000397: Using ASTQueryTranslatorFactory
2017-08-08 21:58:33.937  WARN 21027 --- [           main] c.n.c.sources.URLConfigurationSource     : No URLs will be polled as dynamic configuration sources.
2017-08-08 21:58:33.938  INFO 21027 --- [           main] c.n.c.sources.URLConfigurationSource     : To enable URLs as dynamic configuration sources, define System property archaius.configurationSource.additionalUrls or make config.properties available on classpath.
2017-08-08 21:58:33.947  INFO 21027 --- [           main] c.netflix.config.DynamicPropertyFactory  : DynamicPropertyFactory is initialized with configuration sources: com.netflix.config.ConcurrentCompositeConfiguration@58daa8a4
2017-08-08 21:58:34.423  INFO 21027 --- [           main] s.w.s.m.m.a.RequestMappingHandlerAdapter : Looking for @ControllerAdvice: org.springframework.boot.context.embedded.AnnotationConfigEmbeddedWebApplicationContext@56b43924: startup date [Tue Aug 08 21:58:28 CST 2017]; parent: org.springframework.context.annotation.AnnotationConfigApplicationContext@7bc14b6f
2017-08-08 21:58:34.433  INFO 21027 --- [           main] s.w.s.m.m.a.RequestMappingHandlerAdapter : Detected ResponseBodyAdvice bean in org.springframework.boot.actuate.autoconfigure.EndpointWebMvcHypermediaManagementContextConfiguration$ActuatorEndpointLinksAdvice
2017-08-08 21:58:34.540  INFO 21027 --- [           main] s.w.s.m.m.a.RequestMappingHandlerMapping : Mapped "{[/v1/catalog],methods=[GET]}" onto public org.springframework.http.ResponseEntity<demo.catalog.Catalog> demo.api.v1.CatalogControllerV1.getCatalog()
2017-08-08 21:58:34.541  INFO 21027 --- [           main] s.w.s.m.m.a.RequestMappingHandlerMapping : Mapped "{[/v1/products/{productId}],methods=[GET]}" onto public org.springframework.http.ResponseEntity<demo.product.Product> demo.api.v1.CatalogControllerV1.getProduct(java.lang.String)
2017-08-08 21:58:34.543  INFO 21027 --- [           main] s.w.s.m.m.a.RequestMappingHandlerMapping : Mapped "{[/error]}" onto public org.springframework.http.ResponseEntity<java.util.Map<java.lang.String, java.lang.Object>> org.springframework.boot.autoconfigure.web.BasicErrorController.error(javax.servlet.http.HttpServletRequest)
2017-08-08 21:58:34.544  INFO 21027 --- [           main] s.w.s.m.m.a.RequestMappingHandlerMapping : Mapped "{[/error],produces=[text/html]}" onto public org.springframework.web.servlet.ModelAndView org.springframework.boot.autoconfigure.web.BasicErrorController.errorHtml(javax.servlet.http.HttpServletRequest,javax.servlet.http.HttpServletResponse)
2017-08-08 21:58:34.600  INFO 21027 --- [           main] o.s.w.s.handler.SimpleUrlHandlerMapping  : Mapped URL path [/webjars/**] onto handler of type [class org.springframework.web.servlet.resource.ResourceHttpRequestHandler]
2017-08-08 21:58:34.600  INFO 21027 --- [           main] o.s.w.s.handler.SimpleUrlHandlerMapping  : Mapped URL path [/**] onto handler of type [class org.springframework.web.servlet.resource.ResourceHttpRequestHandler]
2017-08-08 21:58:34.624  INFO 21027 --- [           main] .m.m.a.ExceptionHandlerExceptionResolver : Detected ResponseBodyAdvice implementation in org.springframework.boot.actuate.autoconfigure.EndpointWebMvcHypermediaManagementContextConfiguration$ActuatorEndpointLinksAdvice
2017-08-08 21:58:34.656  INFO 21027 --- [           main] o.s.w.s.handler.SimpleUrlHandlerMapping  : Mapped URL path [/**/favicon.ico] onto handler of type [class org.springframework.web.servlet.resource.ResourceHttpRequestHandler]
2017-08-08 21:58:35.583  INFO 21027 --- [           main] o.s.b.a.e.mvc.EndpointHandlerMapping     : Mapped "{[/hystrix.stream/**]}" onto public org.springframework.web.servlet.ModelAndView org.springframework.cloud.netflix.endpoint.ServletWrappingEndpoint.handle(javax.servlet.http.HttpServletRequest,javax.servlet.http.HttpServletResponse) throws java.lang.Exception
2017-08-08 21:58:35.583  INFO 21027 --- [           main] o.s.b.a.e.mvc.EndpointHandlerMapping     : Mapped "{[/health || /health.json],produces=[application/json]}" onto public java.lang.Object org.springframework.boot.actuate.endpoint.mvc.HealthMvcEndpoint.invoke(java.security.Principal)
2017-08-08 21:58:35.584  INFO 21027 --- [           main] o.s.b.a.e.mvc.EndpointHandlerMapping     : Mapped "{[/trace || /trace.json],methods=[GET],produces=[application/json]}" onto public java.lang.Object org.springframework.boot.actuate.endpoint.mvc.EndpointMvcAdapter.invoke()
2017-08-08 21:58:35.584  INFO 21027 --- [           main] o.s.b.a.e.mvc.EndpointHandlerMapping     : Mapped "{[/env],methods=[POST]}" onto public java.lang.Object org.springframework.cloud.context.environment.EnvironmentManagerMvcEndpoint.value(java.util.Map<java.lang.String, java.lang.String>)
2017-08-08 21:58:35.584  INFO 21027 --- [           main] o.s.b.a.e.mvc.EndpointHandlerMapping     : Mapped "{[/env/reset],methods=[POST]}" onto public java.util.Map<java.lang.String, java.lang.Object> org.springframework.cloud.context.environment.EnvironmentManagerMvcEndpoint.reset()
2017-08-08 21:58:35.585  INFO 21027 --- [           main] o.s.b.a.e.mvc.EndpointHandlerMapping     : Mapped "{[/dump || /dump.json],methods=[GET],produces=[application/json]}" onto public java.lang.Object org.springframework.boot.actuate.endpoint.mvc.EndpointMvcAdapter.invoke()
2017-08-08 21:58:35.586  INFO 21027 --- [           main] o.s.b.a.e.mvc.EndpointHandlerMapping     : Mapped "{[/metrics/{name:.*}],methods=[GET],produces=[application/json]}" onto public java.lang.Object org.springframework.boot.actuate.endpoint.mvc.MetricsMvcEndpoint.value(java.lang.String)
2017-08-08 21:58:35.586  INFO 21027 --- [           main] o.s.b.a.e.mvc.EndpointHandlerMapping     : Mapped "{[/metrics || /metrics.json],methods=[GET],produces=[application/json]}" onto public java.lang.Object org.springframework.boot.actuate.endpoint.mvc.EndpointMvcAdapter.invoke()
2017-08-08 21:58:35.587  INFO 21027 --- [           main] o.s.b.a.e.mvc.EndpointHandlerMapping     : Mapped "{[/archaius || /archaius.json],methods=[GET],produces=[application/json]}" onto public java.lang.Object org.springframework.boot.actuate.endpoint.mvc.EndpointMvcAdapter.invoke()
2017-08-08 21:58:35.587  INFO 21027 --- [           main] o.s.b.a.e.mvc.EndpointHandlerMapping     : Mapped "{[/beans || /beans.json],methods=[GET],produces=[application/json]}" onto public java.lang.Object org.springframework.boot.actuate.endpoint.mvc.EndpointMvcAdapter.invoke()
2017-08-08 21:58:35.588  INFO 21027 --- [           main] o.s.b.a.e.mvc.EndpointHandlerMapping     : Mapped "{[/mappings || /mappings.json],methods=[GET],produces=[application/json]}" onto public java.lang.Object org.springframework.boot.actuate.endpoint.mvc.EndpointMvcAdapter.invoke()
2017-08-08 21:58:35.589  INFO 21027 --- [           main] o.s.b.a.e.mvc.EndpointHandlerMapping     : Mapped "{[/info || /info.json],methods=[GET],produces=[application/json]}" onto public java.lang.Object org.springframework.boot.actuate.endpoint.mvc.EndpointMvcAdapter.invoke()
2017-08-08 21:58:35.589  INFO 21027 --- [           main] o.s.b.a.e.mvc.EndpointHandlerMapping     : Mapped "{[/env/{name:.*}],methods=[GET],produces=[application/json]}" onto public java.lang.Object org.springframework.boot.actuate.endpoint.mvc.EnvironmentMvcEndpoint.value(java.lang.String)
2017-08-08 21:58:35.589  INFO 21027 --- [           main] o.s.b.a.e.mvc.EndpointHandlerMapping     : Mapped "{[/env || /env.json],methods=[GET],produces=[application/json]}" onto public java.lang.Object org.springframework.boot.actuate.endpoint.mvc.EndpointMvcAdapter.invoke()
2017-08-08 21:58:35.589  INFO 21027 --- [           main] o.s.b.a.e.mvc.EndpointHandlerMapping     : Mapped "{[/restart || /restart.json],methods=[POST]}" onto public java.lang.Object org.springframework.cloud.context.restart.RestartMvcEndpoint.invoke()
2017-08-08 21:58:35.590  INFO 21027 --- [           main] o.s.b.a.e.mvc.EndpointHandlerMapping     : Mapped "{[/actuator || /actuator.json],produces=[application/json]}" onto public org.springframework.hateoas.ResourceSupport org.springframework.boot.actuate.endpoint.mvc.HalJsonMvcEndpoint.links()
2017-08-08 21:58:35.590  INFO 21027 --- [           main] o.s.b.a.e.mvc.EndpointHandlerMapping     : Mapped "{[/configprops || /configprops.json],methods=[GET],produces=[application/json]}" onto public java.lang.Object org.springframework.boot.actuate.endpoint.mvc.EndpointMvcAdapter.invoke()
2017-08-08 21:58:35.591  INFO 21027 --- [           main] o.s.b.a.e.mvc.EndpointHandlerMapping     : Mapped "{[/pause || /pause.json],methods=[POST]}" onto public java.lang.Object org.springframework.cloud.endpoint.GenericPostableMvcEndpoint.invoke()
2017-08-08 21:58:35.591  INFO 21027 --- [           main] o.s.b.a.e.mvc.EndpointHandlerMapping     : Mapped "{[/refresh || /refresh.json],methods=[POST]}" onto public java.lang.Object org.springframework.cloud.endpoint.GenericPostableMvcEndpoint.invoke()
2017-08-08 21:58:35.592  INFO 21027 --- [           main] o.s.b.a.e.mvc.EndpointHandlerMapping     : Mapped "{[/resume || /resume.json],methods=[POST]}" onto public java.lang.Object org.springframework.cloud.endpoint.GenericPostableMvcEndpoint.invoke()
2017-08-08 21:58:35.592  INFO 21027 --- [           main] o.s.b.a.e.mvc.EndpointHandlerMapping     : Mapped "{[/features || /features.json],methods=[GET],produces=[application/json]}" onto public java.lang.Object org.springframework.boot.actuate.endpoint.mvc.EndpointMvcAdapter.invoke()
2017-08-08 21:58:35.592  INFO 21027 --- [           main] o.s.b.a.e.mvc.EndpointHandlerMapping     : Mapped "{[/autoconfig || /autoconfig.json],methods=[GET],produces=[application/json]}" onto public java.lang.Object org.springframework.boot.actuate.endpoint.mvc.EndpointMvcAdapter.invoke()
2017-08-08 21:58:35.778  WARN 21027 --- [           main] c.n.c.sources.URLConfigurationSource     : No URLs will be polled as dynamic configuration sources.
2017-08-08 21:58:35.778  INFO 21027 --- [           main] c.n.c.sources.URLConfigurationSource     : To enable URLs as dynamic configuration sources, define System property archaius.configurationSource.additionalUrls or make config.properties available on classpath.
2017-08-08 21:58:35.860  INFO 21027 --- [           main] o.s.j.e.a.AnnotationMBeanExporter        : Registering beans for JMX exposure on startup
2017-08-08 21:58:35.867  INFO 21027 --- [           main] o.s.j.e.a.AnnotationMBeanExporter        : Bean with name 'refreshScope' has been autodetected for JMX exposure
2017-08-08 21:58:35.868  INFO 21027 --- [           main] o.s.j.e.a.AnnotationMBeanExporter        : Bean with name 'environmentManager' has been autodetected for JMX exposure
2017-08-08 21:58:35.869  INFO 21027 --- [           main] o.s.j.e.a.AnnotationMBeanExporter        : Bean with name 'configurationPropertiesRebinder' has been autodetected for JMX exposure
2017-08-08 21:58:35.869  INFO 21027 --- [           main] o.s.j.e.a.AnnotationMBeanExporter        : Bean with name 'refreshEndpoint' has been autodetected for JMX exposure
2017-08-08 21:58:35.870  INFO 21027 --- [           main] o.s.j.e.a.AnnotationMBeanExporter        : Bean with name 'restartEndpoint' has been autodetected for JMX exposure
2017-08-08 21:58:35.872  INFO 21027 --- [           main] o.s.j.e.a.AnnotationMBeanExporter        : Located managed bean 'environmentManager': registering with JMX server as MBean [org.springframework.cloud.context.environment:name=environmentManager,type=EnvironmentManager]
2017-08-08 21:58:35.883  INFO 21027 --- [           main] o.s.j.e.a.AnnotationMBeanExporter        : Located managed bean 'restartEndpoint': registering with JMX server as MBean [org.springframework.cloud.context.restart:name=restartEndpoint,type=RestartEndpoint]
2017-08-08 21:58:35.891  INFO 21027 --- [           main] o.s.j.e.a.AnnotationMBeanExporter        : Located managed bean 'refreshScope': registering with JMX server as MBean [org.springframework.cloud.context.scope.refresh:name=refreshScope,type=RefreshScope]
2017-08-08 21:58:35.898  INFO 21027 --- [           main] o.s.j.e.a.AnnotationMBeanExporter        : Located managed bean 'configurationPropertiesRebinder': registering with JMX server as MBean [org.springframework.cloud.context.properties:name=configurationPropertiesRebinder,context=56b43924,type=ConfigurationPropertiesRebinder]
2017-08-08 21:58:35.903  INFO 21027 --- [           main] o.s.j.e.a.AnnotationMBeanExporter        : Located managed bean 'refreshEndpoint': registering with JMX server as MBean [org.springframework.cloud.endpoint:name=refreshEndpoint,type=RefreshEndpoint]
2017-08-08 21:58:36.053  INFO 21027 --- [           main] o.s.c.support.DefaultLifecycleProcessor  : Starting beans in phase 0
2017-08-08 21:58:36.081  INFO 21027 --- [           main] o.s.c.support.DefaultLifecycleProcessor  : Starting beans in phase 2147483647
2017-08-08 21:58:36.084  INFO 21027 --- [           main] c.n.h.c.m.e.HystrixMetricsPoller         : Starting HystrixMetricsPoller
2017-08-08 21:58:36.086  INFO 21027 --- [           main] ration$HystrixMetricsPollerConfiguration : Starting poller
2017-08-08 21:58:36.161  INFO 21027 --- [           main] s.b.c.e.t.TomcatEmbeddedServletContainer : Tomcat started on port(s): 55888 (http)
2017-08-08 21:58:36.162  INFO 21027 --- [           main] c.n.e.EurekaDiscoveryClientConfiguration : Updating port to 55888
2017-08-08 21:58:36.168  INFO 21027 --- [           main] o.s.c.n.eureka.InstanceInfoFactory       : Setting initial instance status as: STARTING
2017-08-08 21:58:36.384  INFO 21027 --- [           main] c.n.d.provider.DiscoveryJerseyProvider   : Using JSON encoding codec LegacyJacksonJson
2017-08-08 21:58:36.385  INFO 21027 --- [           main] c.n.d.provider.DiscoveryJerseyProvider   : Using JSON decoding codec LegacyJacksonJson
2017-08-08 21:58:36.482  INFO 21027 --- [           main] c.n.d.provider.DiscoveryJerseyProvider   : Using XML encoding codec XStreamXml
2017-08-08 21:58:36.483  INFO 21027 --- [           main] c.n.d.provider.DiscoveryJerseyProvider   : Using XML decoding codec XStreamXml
2017-08-08 21:58:36.954  INFO 21027 --- [           main] c.n.d.s.r.aws.ConfigClusterResolver      : Resolving eureka endpoints via configuration
2017-08-08 21:58:36.975  INFO 21027 --- [           main] com.netflix.discovery.DiscoveryClient    : Disable delta property : false
2017-08-08 21:58:36.976  INFO 21027 --- [           main] com.netflix.discovery.DiscoveryClient    : Single vip registry refresh property : null
2017-08-08 21:58:36.976  INFO 21027 --- [           main] com.netflix.discovery.DiscoveryClient    : Force full registry fetch : false
2017-08-08 21:58:36.976  INFO 21027 --- [           main] com.netflix.discovery.DiscoveryClient    : Application is null : false
2017-08-08 21:58:36.976  INFO 21027 --- [           main] com.netflix.discovery.DiscoveryClient    : Registered Applications size is zero : true
2017-08-08 21:58:36.976  INFO 21027 --- [           main] com.netflix.discovery.DiscoveryClient    : Application version is -1: true
2017-08-08 21:58:36.976  INFO 21027 --- [           main] com.netflix.discovery.DiscoveryClient    : Getting all instance registry info from the eureka server
2017-08-08 21:58:37.101  INFO 21027 --- [           main] com.netflix.discovery.DiscoveryClient    : The response status is 200
2017-08-08 21:58:37.103  INFO 21027 --- [           main] com.netflix.discovery.DiscoveryClient    : Starting heartbeat executor: renew interval is: 30
2017-08-08 21:58:37.104  INFO 21027 --- [           main] c.n.discovery.InstanceInfoReplicator     : InstanceInfoReplicator onDemand update allowed rate per min is 4
2017-08-08 21:58:37.143  INFO 21027 --- [           main] c.n.e.EurekaDiscoveryClientConfiguration : Registering application catalog-service with eureka with status UP
2017-08-08 21:58:37.144  INFO 21027 --- [           main] com.netflix.discovery.DiscoveryClient    : Saw local status change event StatusChangeEvent [timestamp=1502200717144, current=UP, previous=STARTING]
2017-08-08 21:58:37.145  INFO 21027 --- [nfoReplicator-0] com.netflix.discovery.DiscoveryClient    : DiscoveryClient_CATALOG-SERVICE/172.31.9.15:catalog-service:0: registering service...
2017-08-08 21:58:37.150  INFO 21027 --- [           main] demo.CatalogServiceApplication           : Started CatalogServiceApplication in 14.364 seconds (JVM running for 14.841)
2017-08-08 21:58:37.173  INFO 21027 --- [nfoReplicator-0] com.netflix.discovery.DiscoveryClient    : DiscoveryClient_CATALOG-SERVICE/172.31.9.15:catalog-service:0 - registration status: 204
2017-08-08 22:00:42.379  INFO 21027 --- [o-auto-1-exec-1] o.a.c.c.C.[Tomcat].[localhost].[/]       : Initializing Spring FrameworkServlet 'dispatcherServlet'
2017-08-08 22:00:42.380  INFO 21027 --- [o-auto-1-exec-1] o.s.web.servlet.DispatcherServlet        : FrameworkServlet 'dispatcherServlet': initialization started
2017-08-08 22:00:42.412  INFO 21027 --- [o-auto-1-exec-1] o.s.web.servlet.DispatcherServlet        : FrameworkServlet 'dispatcherServlet': initialization completed in 32 ms
2017-08-08 22:00:42.853  INFO 21027 --- [alogServiceV1-1] s.c.a.AnnotationConfigApplicationContext : Refreshing org.springframework.context.annotation.AnnotationConfigApplicationContext@37edb39c: startup date [Tue Aug 08 22:00:42 CST 2017]; parent: org.springframework.boot.context.embedded.AnnotationConfigEmbeddedWebApplicationContext@56b43924
2017-08-08 22:00:42.875  INFO 21027 --- [alogServiceV1-1] f.a.AutowiredAnnotationBeanPostProcessor : JSR-330 'javax.inject.Inject' annotation found and supported for autowiring
2017-08-08 22:00:42.973  INFO 21027 --- [alogServiceV1-1] c.netflix.config.ChainedDynamicProperty  : Flipping property: inventory-service.ribbon.ActiveConnectionsLimit to use NEXT property: niws.loadbalancer.availabilityFilteringRule.activeConnectionsLimit = 2147483647
2017-08-08 22:00:42.997  INFO 21027 --- [alogServiceV1-1] c.n.u.concurrent.ShutdownEnabledTimer    : Shutdown hook installed for: NFLoadBalancer-PingTimer-inventory-service
2017-08-08 22:00:43.023  INFO 21027 --- [alogServiceV1-1] c.netflix.loadbalancer.BaseLoadBalancer  : Client:inventory-service instantiated a LoadBalancer:DynamicServerListLoadBalancer:{NFLoadBalancer:name=inventory-service,current list of Servers=[],Load balancer stats=Zone stats: {},Server stats: []}ServerList:null
2017-08-08 22:00:43.043  INFO 21027 --- [alogServiceV1-1] c.netflix.config.ChainedDynamicProperty  : Flipping property: inventory-service.ribbon.ActiveConnectionsLimit to use NEXT property: niws.loadbalancer.availabilityFilteringRule.activeConnectionsLimit = 2147483647
2017-08-08 22:00:43.044  INFO 21027 --- [alogServiceV1-1] c.n.l.DynamicServerListLoadBalancer      : DynamicServerListLoadBalancer for client inventory-service initialized: DynamicServerListLoadBalancer:{NFLoadBalancer:name=inventory-service,current list of Servers=[172.31.9.15:52035],Load balancer stats=Zone stats: {defaultzone=[Zone:defaultzone;	Instance count:1;	Active connections count: 0;	Circuit breaker tripped count: 0;	Active connections per server: 0.0;]
},Server stats: [[Server:172.31.9.15:52035;	Zone:defaultZone;	Total Requests:0;	Successive connection failure:0;	Total blackout seconds:0;	Last connection made:Thu Jan 01 08:00:00 CST 1970;	First connection made: Thu Jan 01 08:00:00 CST 1970;	Active Connections:0;	total failure count in last (1000) msecs:0;	average resp time:0.0;	90 percentile resp time:0.0;	95 percentile resp time:0.0;	min resp time:0.0;	max resp time:0.0;	stddev resp time:0.0]
]}ServerList:org.springframework.cloud.netflix.ribbon.eureka.DomainExtractingServerList@226db5fc
2017-08-08 22:00:43.085  INFO 21027 --- [alogServiceV1-1] com.netflix.http4.ConnectionPoolCleaner  : Initializing ConnectionPoolCleaner for NFHttpClient:inventory-service
2017-08-08 22:00:43.693 ERROR 21027 --- [o-auto-1-exec-1] o.a.c.c.C.[.[.[/].[dispatcherServlet]    : Servlet.service() for servlet [dispatcherServlet] in context with path [] threw exception [Request processing failed; nested exception is com.netflix.hystrix.exception.HystrixRuntimeException: getCatalog timed-out and fallback failed.] with root cause

java.util.concurrent.TimeoutException: null
	at com.netflix.hystrix.AbstractCommand$9.call(AbstractCommand.java:600) ~[hystrix-core-1.5.1.jar!/:1.5.1]
	at com.netflix.hystrix.AbstractCommand$9.call(AbstractCommand.java:580) ~[hystrix-core-1.5.1.jar!/:1.5.1]
	at rx.internal.operators.OperatorOnErrorResumeNextViaFunction$1.onError(OperatorOnErrorResumeNextViaFunction.java:99) ~[rxjava-1.0.14.jar!/:1.0.14]
	at rx.internal.operators.OperatorDoOnEach$1.onError(OperatorDoOnEach.java:70) ~[rxjava-1.0.14.jar!/:1.0.14]
	at rx.internal.operators.OperatorDoOnEach$1.onError(OperatorDoOnEach.java:70) ~[rxjava-1.0.14.jar!/:1.0.14]
	at com.netflix.hystrix.AbstractCommand$HystrixObservableTimeoutOperator$1.run(AbstractCommand.java:955) ~[hystrix-core-1.5.1.jar!/:1.5.1]
	at com.netflix.hystrix.strategy.concurrency.HystrixContextRunnable$1.call(HystrixContextRunnable.java:41) ~[hystrix-core-1.5.1.jar!/:1.5.1]
	at com.netflix.hystrix.strategy.concurrency.HystrixContextRunnable$1.call(HystrixContextRunnable.java:37) ~[hystrix-core-1.5.1.jar!/:1.5.1]
	at com.netflix.hystrix.strategy.concurrency.HystrixContextRunnable.run(HystrixContextRunnable.java:57) ~[hystrix-core-1.5.1.jar!/:1.5.1]
	at com.netflix.hystrix.AbstractCommand$HystrixObservableTimeoutOperator$2.tick(AbstractCommand.java:972) ~[hystrix-core-1.5.1.jar!/:1.5.1]
	at com.netflix.hystrix.util.HystrixTimer$1.run(HystrixTimer.java:99) ~[hystrix-core-1.5.1.jar!/:1.5.1]
	at java.util.concurrent.Executors$RunnableAdapter.call(Executors.java:511) ~[na:1.8.0_131]
	at java.util.concurrent.FutureTask.runAndReset(FutureTask.java:308) ~[na:1.8.0_131]
	at java.util.concurrent.ScheduledThreadPoolExecutor$ScheduledFutureTask.access$301(ScheduledThreadPoolExecutor.java:180) ~[na:1.8.0_131]
	at java.util.concurrent.ScheduledThreadPoolExecutor$ScheduledFutureTask.run(ScheduledThreadPoolExecutor.java:294) ~[na:1.8.0_131]
	at java.util.concurrent.ThreadPoolExecutor.runWorker(ThreadPoolExecutor.java:1142) ~[na:1.8.0_131]
	at java.util.concurrent.ThreadPoolExecutor$Worker.run(ThreadPoolExecutor.java:617) ~[na:1.8.0_131]
	at java.lang.Thread.run(Thread.java:748) [na:1.8.0_131]

2017-08-08 22:00:44.030  INFO 21027 --- [ool-10-thread-1] c.netflix.config.ChainedDynamicProperty  : Flipping property: inventory-service.ribbon.ActiveConnectionsLimit to use NEXT property: niws.loadbalancer.availabilityFilteringRule.activeConnectionsLimit = 2147483647
2017-08-08 22:01:53.924 ERROR 21027 --- [o-auto-1-exec-4] o.a.c.c.C.[.[.[/].[dispatcherServlet]    : Servlet.service() for servlet [dispatcherServlet] in context with path [] threw exception [Request processing failed; nested exception is com.netflix.hystrix.exception.HystrixRuntimeException: getProduct timed-out and fallback failed.] with root cause

java.util.concurrent.TimeoutException: null
	at com.netflix.hystrix.AbstractCommand$9.call(AbstractCommand.java:600) ~[hystrix-core-1.5.1.jar!/:1.5.1]
	at com.netflix.hystrix.AbstractCommand$9.call(AbstractCommand.java:580) ~[hystrix-core-1.5.1.jar!/:1.5.1]
	at rx.internal.operators.OperatorOnErrorResumeNextViaFunction$1.onError(OperatorOnErrorResumeNextViaFunction.java:99) ~[rxjava-1.0.14.jar!/:1.0.14]
	at rx.internal.operators.OperatorDoOnEach$1.onError(OperatorDoOnEach.java:70) ~[rxjava-1.0.14.jar!/:1.0.14]
	at rx.internal.operators.OperatorDoOnEach$1.onError(OperatorDoOnEach.java:70) ~[rxjava-1.0.14.jar!/:1.0.14]
	at com.netflix.hystrix.AbstractCommand$HystrixObservableTimeoutOperator$1.run(AbstractCommand.java:955) ~[hystrix-core-1.5.1.jar!/:1.5.1]
	at com.netflix.hystrix.strategy.concurrency.HystrixContextRunnable$1.call(HystrixContextRunnable.java:41) ~[hystrix-core-1.5.1.jar!/:1.5.1]
	at com.netflix.hystrix.strategy.concurrency.HystrixContextRunnable$1.call(HystrixContextRunnable.java:37) ~[hystrix-core-1.5.1.jar!/:1.5.1]
	at com.netflix.hystrix.strategy.concurrency.HystrixContextRunnable.run(HystrixContextRunnable.java:57) ~[hystrix-core-1.5.1.jar!/:1.5.1]
	at com.netflix.hystrix.AbstractCommand$HystrixObservableTimeoutOperator$2.tick(AbstractCommand.java:972) ~[hystrix-core-1.5.1.jar!/:1.5.1]
	at com.netflix.hystrix.util.HystrixTimer$1.run(HystrixTimer.java:99) ~[hystrix-core-1.5.1.jar!/:1.5.1]
	at java.util.concurrent.Executors$RunnableAdapter.call(Executors.java:511) ~[na:1.8.0_131]
	at java.util.concurrent.FutureTask.runAndReset(FutureTask.java:308) ~[na:1.8.0_131]
	at java.util.concurrent.ScheduledThreadPoolExecutor$ScheduledFutureTask.access$301(ScheduledThreadPoolExecutor.java:180) ~[na:1.8.0_131]
	at java.util.concurrent.ScheduledThreadPoolExecutor$ScheduledFutureTask.run(ScheduledThreadPoolExecutor.java:294) ~[na:1.8.0_131]
	at java.util.concurrent.ThreadPoolExecutor.runWorker(ThreadPoolExecutor.java:1142) ~[na:1.8.0_131]
	at java.util.concurrent.ThreadPoolExecutor$Worker.run(ThreadPoolExecutor.java:617) ~[na:1.8.0_131]
	at java.lang.Thread.run(Thread.java:748) [na:1.8.0_131]

2017-08-08 22:03:36.966  INFO 21027 --- [trap-executor-0] c.n.d.s.r.aws.ConfigClusterResolver      : Resolving eureka endpoints via configuration
2017-08-08 22:08:36.958  INFO 21027 --- [trap-executor-0] c.n.d.s.r.aws.ConfigClusterResolver      : Resolving eureka endpoints via configuration
2017-08-08 22:13:36.953  INFO 21027 --- [trap-executor-0] c.n.d.s.r.aws.ConfigClusterResolver      : Resolving eureka endpoints via configuration
2017-08-08 22:18:36.944  INFO 21027 --- [trap-executor-0] c.n.d.s.r.aws.ConfigClusterResolver      : Resolving eureka endpoints via configuration
2017-08-08 22:23:36.940  INFO 21027 --- [trap-executor-0] c.n.d.s.r.aws.ConfigClusterResolver      : Resolving eureka endpoints via configuration
2017-08-08 22:28:36.936  INFO 21027 --- [trap-executor-0] c.n.d.s.r.aws.ConfigClusterResolver      : Resolving eureka endpoints via configuration
2017-08-08 22:33:36.936  INFO 21027 --- [trap-executor-0] c.n.d.s.r.aws.ConfigClusterResolver      : Resolving eureka endpoints via configuration
2017-08-08 22:38:36.932  INFO 21027 --- [trap-executor-0] c.n.d.s.r.aws.ConfigClusterResolver      : Resolving eureka endpoints via configuration
2017-08-08 22:43:36.929  INFO 21027 --- [trap-executor-0] c.n.d.s.r.aws.ConfigClusterResolver      : Resolving eureka endpoints via configuration
2017-08-08 22:48:36.922  INFO 21027 --- [trap-executor-0] c.n.d.s.r.aws.ConfigClusterResolver      : Resolving eureka endpoints via configuration
2017-08-08 22:53:36.915  INFO 21027 --- [trap-executor-0] c.n.d.s.r.aws.ConfigClusterResolver      : Resolving eureka endpoints via configuration
2017-08-08 22:58:36.910  INFO 21027 --- [trap-executor-0] c.n.d.s.r.aws.ConfigClusterResolver      : Resolving eureka endpoints via configuration
2017-08-08 23:03:36.904  INFO 21027 --- [trap-executor-0] c.n.d.s.r.aws.ConfigClusterResolver      : Resolving eureka endpoints via configuration
2017-08-08 23:08:36.897  INFO 21027 --- [trap-executor-0] c.n.d.s.r.aws.ConfigClusterResolver      : Resolving eureka endpoints via configuration
2017-08-08 23:13:36.896  INFO 21027 --- [trap-executor-0] c.n.d.s.r.aws.ConfigClusterResolver      : Resolving eureka endpoints via configuration
2017-08-08 23:18:36.893  INFO 21027 --- [trap-executor-0] c.n.d.s.r.aws.ConfigClusterResolver      : Resolving eureka endpoints via configuration
2017-08-08 23:23:36.891  INFO 21027 --- [trap-executor-0] c.n.d.s.r.aws.ConfigClusterResolver      : Resolving eureka endpoints via configuration
2017-08-08 23:28:36.886  INFO 21027 --- [trap-executor-0] c.n.d.s.r.aws.ConfigClusterResolver      : Resolving eureka endpoints via configuration
2017-08-08 23:33:36.876  INFO 21027 --- [trap-executor-0] c.n.d.s.r.aws.ConfigClusterResolver      : Resolving eureka endpoints via configuration
2017-08-08 23:38:36.870  INFO 21027 --- [trap-executor-0] c.n.d.s.r.aws.ConfigClusterResolver      : Resolving eureka endpoints via configuration
2017-08-08 23:43:36.873  INFO 21027 --- [trap-executor-0] c.n.d.s.r.aws.ConfigClusterResolver      : Resolving eureka endpoints via configuration
2017-08-08 23:48:36.871  INFO 21027 --- [trap-executor-0] c.n.d.s.r.aws.ConfigClusterResolver      : Resolving eureka endpoints via configuration
2017-08-08 23:53:36.870  INFO 21027 --- [trap-executor-0] c.n.d.s.r.aws.ConfigClusterResolver      : Resolving eureka endpoints via configuration
2017-08-08 23:58:36.865  INFO 21027 --- [trap-executor-0] c.n.d.s.r.aws.ConfigClusterResolver      : Resolving eureka endpoints via configuration
2017-08-09 00:03:36.863  INFO 21027 --- [trap-executor-0] c.n.d.s.r.aws.ConfigClusterResolver      : Resolving eureka endpoints via configuration
2017-08-09 00:08:36.857  INFO 21027 --- [trap-executor-0] c.n.d.s.r.aws.ConfigClusterResolver      : Resolving eureka endpoints via configuration
2017-08-09 00:13:36.856  INFO 21027 --- [trap-executor-0] c.n.d.s.r.aws.ConfigClusterResolver      : Resolving eureka endpoints via configuration
2017-08-09 00:18:36.852  INFO 21027 --- [trap-executor-0] c.n.d.s.r.aws.ConfigClusterResolver      : Resolving eureka endpoints via configuration
2017-08-09 00:23:36.851  INFO 21027 --- [trap-executor-0] c.n.d.s.r.aws.ConfigClusterResolver      : Resolving eureka endpoints via configuration
2017-08-09 00:28:36.843  INFO 21027 --- [trap-executor-0] c.n.d.s.r.aws.ConfigClusterResolver      : Resolving eureka endpoints via configuration
2017-08-09 00:33:36.841  INFO 21027 --- [trap-executor-0] c.n.d.s.r.aws.ConfigClusterResolver      : Resolving eureka endpoints via configuration
2017-08-09 00:38:36.834  INFO 21027 --- [trap-executor-0] c.n.d.s.r.aws.ConfigClusterResolver      : Resolving eureka endpoints via configuration
2017-08-09 00:43:36.830  INFO 21027 --- [trap-executor-0] c.n.d.s.r.aws.ConfigClusterResolver      : Resolving eureka endpoints via configuration
2017-08-09 00:48:36.827  INFO 21027 --- [trap-executor-0] c.n.d.s.r.aws.ConfigClusterResolver      : Resolving eureka endpoints via configuration
2017-08-09 00:53:36.825  INFO 21027 --- [trap-executor-0] c.n.d.s.r.aws.ConfigClusterResolver      : Resolving eureka endpoints via configuration
2017-08-09 00:58:36.819  INFO 21027 --- [trap-executor-0] c.n.d.s.r.aws.ConfigClusterResolver      : Resolving eureka endpoints via configuration
2017-08-09 01:03:36.818  INFO 21027 --- [trap-executor-0] c.n.d.s.r.aws.ConfigClusterResolver      : Resolving eureka endpoints via configuration
2017-08-09 01:08:36.811  INFO 21027 --- [trap-executor-0] c.n.d.s.r.aws.ConfigClusterResolver      : Resolving eureka endpoints via configuration
2017-08-09 01:13:36.811  INFO 21027 --- [trap-executor-0] c.n.d.s.r.aws.ConfigClusterResolver      : Resolving eureka endpoints via configuration
2017-08-09 01:18:36.810  INFO 21027 --- [trap-executor-0] c.n.d.s.r.aws.ConfigClusterResolver      : Resolving eureka endpoints via configuration
2017-08-09 01:23:36.808  INFO 21027 --- [trap-executor-0] c.n.d.s.r.aws.ConfigClusterResolver      : Resolving eureka endpoints via configuration
2017-08-09 01:28:36.807  INFO 21027 --- [trap-executor-0] c.n.d.s.r.aws.ConfigClusterResolver      : Resolving eureka endpoints via configuration
2017-08-09 01:33:36.802  INFO 21027 --- [trap-executor-0] c.n.d.s.r.aws.ConfigClusterResolver      : Resolving eureka endpoints via configuration
2017-08-09 01:38:36.795  INFO 21027 --- [trap-executor-0] c.n.d.s.r.aws.ConfigClusterResolver      : Resolving eureka endpoints via configuration
2017-08-09 01:43:36.792  INFO 21027 --- [trap-executor-0] c.n.d.s.r.aws.ConfigClusterResolver      : Resolving eureka endpoints via configuration
2017-08-09 01:48:36.784  INFO 21027 --- [trap-executor-0] c.n.d.s.r.aws.ConfigClusterResolver      : Resolving eureka endpoints via configuration
2017-08-09 01:53:36.783  INFO 21027 --- [trap-executor-0] c.n.d.s.r.aws.ConfigClusterResolver      : Resolving eureka endpoints via configuration
2017-08-09 01:58:36.775  INFO 21027 --- [trap-executor-0] c.n.d.s.r.aws.ConfigClusterResolver      : Resolving eureka endpoints via configuration
2017-08-09 02:03:36.769  INFO 21027 --- [trap-executor-0] c.n.d.s.r.aws.ConfigClusterResolver      : Resolving eureka endpoints via configuration
2017-08-09 02:08:36.764  INFO 21027 --- [trap-executor-0] c.n.d.s.r.aws.ConfigClusterResolver      : Resolving eureka endpoints via configuration
2017-08-09 02:13:36.762  INFO 21027 --- [trap-executor-0] c.n.d.s.r.aws.ConfigClusterResolver      : Resolving eureka endpoints via configuration
2017-08-09 02:18:36.757  INFO 21027 --- [trap-executor-0] c.n.d.s.r.aws.ConfigClusterResolver      : Resolving eureka endpoints via configuration
2017-08-09 02:23:36.749  INFO 21027 --- [trap-executor-0] c.n.d.s.r.aws.ConfigClusterResolver      : Resolving eureka endpoints via configuration
2017-08-09 02:28:36.747  INFO 21027 --- [trap-executor-0] c.n.d.s.r.aws.ConfigClusterResolver      : Resolving eureka endpoints via configuration
2017-08-09 02:33:36.742  INFO 21027 --- [trap-executor-0] c.n.d.s.r.aws.ConfigClusterResolver      : Resolving eureka endpoints via configuration
2017-08-09 02:38:36.741  INFO 21027 --- [trap-executor-0] c.n.d.s.r.aws.ConfigClusterResolver      : Resolving eureka endpoints via configuration
2017-08-09 02:43:36.732  INFO 21027 --- [trap-executor-0] c.n.d.s.r.aws.ConfigClusterResolver      : Resolving eureka endpoints via configuration
2017-08-09 02:48:36.727  INFO 21027 --- [trap-executor-0] c.n.d.s.r.aws.ConfigClusterResolver      : Resolving eureka endpoints via configuration
2017-08-09 02:53:36.722  INFO 21027 --- [trap-executor-0] c.n.d.s.r.aws.ConfigClusterResolver      : Resolving eureka endpoints via configuration
2017-08-09 02:58:36.720  INFO 21027 --- [trap-executor-0] c.n.d.s.r.aws.ConfigClusterResolver      : Resolving eureka endpoints via configuration
2017-08-09 03:03:36.712  INFO 21027 --- [trap-executor-0] c.n.d.s.r.aws.ConfigClusterResolver      : Resolving eureka endpoints via configuration
2017-08-09 03:08:36.713  INFO 21027 --- [trap-executor-0] c.n.d.s.r.aws.ConfigClusterResolver      : Resolving eureka endpoints via configuration
2017-08-09 03:13:36.709  INFO 21027 --- [trap-executor-0] c.n.d.s.r.aws.ConfigClusterResolver      : Resolving eureka endpoints via configuration
2017-08-09 03:18:36.708  INFO 21027 --- [trap-executor-0] c.n.d.s.r.aws.ConfigClusterResolver      : Resolving eureka endpoints via configuration
2017-08-09 03:23:36.702  INFO 21027 --- [trap-executor-0] c.n.d.s.r.aws.ConfigClusterResolver      : Resolving eureka endpoints via configuration
2017-08-09 03:28:36.702  INFO 21027 --- [trap-executor-0] c.n.d.s.r.aws.ConfigClusterResolver      : Resolving eureka endpoints via configuration
2017-08-09 03:33:36.696  INFO 21027 --- [trap-executor-0] c.n.d.s.r.aws.ConfigClusterResolver      : Resolving eureka endpoints via configuration
2017-08-09 03:38:36.696  INFO 21027 --- [trap-executor-0] c.n.d.s.r.aws.ConfigClusterResolver      : Resolving eureka endpoints via configuration
2017-08-09 03:43:36.691  INFO 21027 --- [trap-executor-0] c.n.d.s.r.aws.ConfigClusterResolver      : Resolving eureka endpoints via configuration
2017-08-09 03:48:36.684  INFO 21027 --- [trap-executor-0] c.n.d.s.r.aws.ConfigClusterResolver      : Resolving eureka endpoints via configuration
2017-08-09 03:53:36.677  INFO 21027 --- [trap-executor-0] c.n.d.s.r.aws.ConfigClusterResolver      : Resolving eureka endpoints via configuration
2017-08-09 03:58:36.673  INFO 21027 --- [trap-executor-0] c.n.d.s.r.aws.ConfigClusterResolver      : Resolving eureka endpoints via configuration
2017-08-09 04:03:36.664  INFO 21027 --- [trap-executor-0] c.n.d.s.r.aws.ConfigClusterResolver      : Resolving eureka endpoints via configuration
2017-08-09 04:08:36.655  INFO 21027 --- [trap-executor-0] c.n.d.s.r.aws.ConfigClusterResolver      : Resolving eureka endpoints via configuration
2017-08-09 04:13:36.654  INFO 21027 --- [trap-executor-0] c.n.d.s.r.aws.ConfigClusterResolver      : Resolving eureka endpoints via configuration
2017-08-09 04:18:36.647  INFO 21027 --- [trap-executor-0] c.n.d.s.r.aws.ConfigClusterResolver      : Resolving eureka endpoints via configuration
2017-08-09 04:23:36.645  INFO 21027 --- [trap-executor-0] c.n.d.s.r.aws.ConfigClusterResolver      : Resolving eureka endpoints via configuration
2017-08-09 04:28:36.640  INFO 21027 --- [trap-executor-0] c.n.d.s.r.aws.ConfigClusterResolver      : Resolving eureka endpoints via configuration
2017-08-09 04:33:36.634  INFO 21027 --- [trap-executor-0] c.n.d.s.r.aws.ConfigClusterResolver      : Resolving eureka endpoints via configuration
2017-08-09 04:38:36.631  INFO 21027 --- [trap-executor-0] c.n.d.s.r.aws.ConfigClusterResolver      : Resolving eureka endpoints via configuration
2017-08-09 04:43:36.626  INFO 21027 --- [trap-executor-0] c.n.d.s.r.aws.ConfigClusterResolver      : Resolving eureka endpoints via configuration
2017-08-09 04:48:36.620  INFO 21027 --- [trap-executor-0] c.n.d.s.r.aws.ConfigClusterResolver      : Resolving eureka endpoints via configuration
2017-08-09 04:53:36.611  INFO 21027 --- [trap-executor-0] c.n.d.s.r.aws.ConfigClusterResolver      : Resolving eureka endpoints via configuration
2017-08-09 04:58:36.601  INFO 21027 --- [trap-executor-0] c.n.d.s.r.aws.ConfigClusterResolver      : Resolving eureka endpoints via configuration
2017-08-09 05:03:36.595  INFO 21027 --- [trap-executor-0] c.n.d.s.r.aws.ConfigClusterResolver      : Resolving eureka endpoints via configuration
2017-08-09 05:08:36.592  INFO 21027 --- [trap-executor-0] c.n.d.s.r.aws.ConfigClusterResolver      : Resolving eureka endpoints via configuration
2017-08-09 05:13:36.586  INFO 21027 --- [trap-executor-0] c.n.d.s.r.aws.ConfigClusterResolver      : Resolving eureka endpoints via configuration
2017-08-09 05:18:36.582  INFO 21027 --- [trap-executor-0] c.n.d.s.r.aws.ConfigClusterResolver      : Resolving eureka endpoints via configuration
2017-08-09 05:23:36.578  INFO 21027 --- [trap-executor-0] c.n.d.s.r.aws.ConfigClusterResolver      : Resolving eureka endpoints via configuration
2017-08-09 05:28:36.577  INFO 21027 --- [trap-executor-0] c.n.d.s.r.aws.ConfigClusterResolver      : Resolving eureka endpoints via configuration
2017-08-09 05:33:36.575  INFO 21027 --- [trap-executor-0] c.n.d.s.r.aws.ConfigClusterResolver      : Resolving eureka endpoints via configuration
2017-08-09 05:38:36.570  INFO 21027 --- [trap-executor-0] c.n.d.s.r.aws.ConfigClusterResolver      : Resolving eureka endpoints via configuration
2017-08-09 05:43:36.569  INFO 21027 --- [trap-executor-0] c.n.d.s.r.aws.ConfigClusterResolver      : Resolving eureka endpoints via configuration
2017-08-09 05:48:36.568  INFO 21027 --- [trap-executor-0] c.n.d.s.r.aws.ConfigClusterResolver      : Resolving eureka endpoints via configuration
2017-08-09 05:53:36.567  INFO 21027 --- [trap-executor-0] c.n.d.s.r.aws.ConfigClusterResolver      : Resolving eureka endpoints via configuration
2017-08-09 05:58:36.568  INFO 21027 --- [trap-executor-0] c.n.d.s.r.aws.ConfigClusterResolver      : Resolving eureka endpoints via configuration
2017-08-09 06:03:36.570  INFO 21027 --- [trap-executor-0] c.n.d.s.r.aws.ConfigClusterResolver      : Resolving eureka endpoints via configuration
2017-08-09 06:08:36.570  INFO 21027 --- [trap-executor-0] c.n.d.s.r.aws.ConfigClusterResolver      : Resolving eureka endpoints via configuration
2017-08-09 06:13:36.569  INFO 21027 --- [trap-executor-0] c.n.d.s.r.aws.ConfigClusterResolver      : Resolving eureka endpoints via configuration
2017-08-09 06:18:36.567  INFO 21027 --- [trap-executor-0] c.n.d.s.r.aws.ConfigClusterResolver      : Resolving eureka endpoints via configuration
2017-08-09 06:23:36.565  INFO 21027 --- [trap-executor-0] c.n.d.s.r.aws.ConfigClusterResolver      : Resolving eureka endpoints via configuration
2017-08-09 06:28:36.562  INFO 21027 --- [trap-executor-0] c.n.d.s.r.aws.ConfigClusterResolver      : Resolving eureka endpoints via configuration
2017-08-09 06:33:36.558  INFO 21027 --- [trap-executor-0] c.n.d.s.r.aws.ConfigClusterResolver      : Resolving eureka endpoints via configuration
2017-08-09 06:38:36.551  INFO 21027 --- [trap-executor-0] c.n.d.s.r.aws.ConfigClusterResolver      : Resolving eureka endpoints via configuration
2017-08-09 06:43:36.550  INFO 21027 --- [trap-executor-0] c.n.d.s.r.aws.ConfigClusterResolver      : Resolving eureka endpoints via configuration
2017-08-09 06:48:36.547  INFO 21027 --- [trap-executor-0] c.n.d.s.r.aws.ConfigClusterResolver      : Resolving eureka endpoints via configuration
2017-08-09 06:53:36.540  INFO 21027 --- [trap-executor-0] c.n.d.s.r.aws.ConfigClusterResolver      : Resolving eureka endpoints via configuration
2017-08-09 06:58:36.538  INFO 21027 --- [trap-executor-0] c.n.d.s.r.aws.ConfigClusterResolver      : Resolving eureka endpoints via configuration
2017-08-09 07:03:36.538  INFO 21027 --- [trap-executor-0] c.n.d.s.r.aws.ConfigClusterResolver      : Resolving eureka endpoints via configuration
2017-08-09 07:08:36.531  INFO 21027 --- [trap-executor-0] c.n.d.s.r.aws.ConfigClusterResolver      : Resolving eureka endpoints via configuration
2017-08-09 07:13:36.532  INFO 21027 --- [trap-executor-0] c.n.d.s.r.aws.ConfigClusterResolver      : Resolving eureka endpoints via configuration
2017-08-09 07:18:36.524  INFO 21027 --- [trap-executor-0] c.n.d.s.r.aws.ConfigClusterResolver      : Resolving eureka endpoints via configuration
2017-08-09 07:23:36.521  INFO 21027 --- [trap-executor-0] c.n.d.s.r.aws.ConfigClusterResolver      : Resolving eureka endpoints via configuration
2017-08-09 07:28:36.521  INFO 21027 --- [trap-executor-0] c.n.d.s.r.aws.ConfigClusterResolver      : Resolving eureka endpoints via configuration
2017-08-09 07:33:36.520  INFO 21027 --- [trap-executor-0] c.n.d.s.r.aws.ConfigClusterResolver      : Resolving eureka endpoints via configuration
2017-08-09 07:38:36.523  INFO 21027 --- [trap-executor-0] c.n.d.s.r.aws.ConfigClusterResolver      : Resolving eureka endpoints via configuration
2017-08-09 07:43:36.519  INFO 21027 --- [trap-executor-0] c.n.d.s.r.aws.ConfigClusterResolver      : Resolving eureka endpoints via configuration
2017-08-09 07:48:36.518  INFO 21027 --- [trap-executor-0] c.n.d.s.r.aws.ConfigClusterResolver      : Resolving eureka endpoints via configuration
2017-08-09 07:53:36.514  INFO 21027 --- [trap-executor-0] c.n.d.s.r.aws.ConfigClusterResolver      : Resolving eureka endpoints via configuration
2017-08-09 07:58:36.509  INFO 21027 --- [trap-executor-0] c.n.d.s.r.aws.ConfigClusterResolver      : Resolving eureka endpoints via configuration
2017-08-09 08:03:36.509  INFO 21027 --- [trap-executor-0] c.n.d.s.r.aws.ConfigClusterResolver      : Resolving eureka endpoints via configuration
2017-08-09 08:08:36.506  INFO 21027 --- [trap-executor-0] c.n.d.s.r.aws.ConfigClusterResolver      : Resolving eureka endpoints via configuration
2017-08-09 08:13:36.503  INFO 21027 --- [trap-executor-0] c.n.d.s.r.aws.ConfigClusterResolver      : Resolving eureka endpoints via configuration
2017-08-09 08:18:36.503  INFO 21027 --- [trap-executor-0] c.n.d.s.r.aws.ConfigClusterResolver      : Resolving eureka endpoints via configuration
2017-08-09 08:23:36.498  INFO 21027 --- [trap-executor-0] c.n.d.s.r.aws.ConfigClusterResolver      : Resolving eureka endpoints via configuration
2017-08-09 08:28:36.498  INFO 21027 --- [trap-executor-0] c.n.d.s.r.aws.ConfigClusterResolver      : Resolving eureka endpoints via configuration
2017-08-09 08:33:36.491  INFO 21027 --- [trap-executor-0] c.n.d.s.r.aws.ConfigClusterResolver      : Resolving eureka endpoints via configuration
2017-08-09 08:38:36.483  INFO 21027 --- [trap-executor-0] c.n.d.s.r.aws.ConfigClusterResolver      : Resolving eureka endpoints via configuration
2017-08-09 08:43:36.477  INFO 21027 --- [trap-executor-0] c.n.d.s.r.aws.ConfigClusterResolver      : Resolving eureka endpoints via configuration
2017-08-09 08:48:36.472  INFO 21027 --- [trap-executor-0] c.n.d.s.r.aws.ConfigClusterResolver      : Resolving eureka endpoints via configuration
2017-08-09 08:53:36.467  INFO 21027 --- [trap-executor-0] c.n.d.s.r.aws.ConfigClusterResolver      : Resolving eureka endpoints via configuration
2017-08-09 08:58:36.458  INFO 21027 --- [trap-executor-0] c.n.d.s.r.aws.ConfigClusterResolver      : Resolving eureka endpoints via configuration
2017-08-09 09:03:36.450  INFO 21027 --- [trap-executor-0] c.n.d.s.r.aws.ConfigClusterResolver      : Resolving eureka endpoints via configuration
2017-08-09 09:08:36.440  INFO 21027 --- [trap-executor-0] c.n.d.s.r.aws.ConfigClusterResolver      : Resolving eureka endpoints via configuration
2017-08-09 09:11:41.348  INFO 21027 --- [       Thread-8] c.n.l.DynamicServerListLoadBalancer      : Shutting down the Executor Pool for DynamicServerListLoadBalancer
2017-08-09 09:11:41.390  INFO 21027 --- [       Thread-7] ationConfigEmbeddedWebApplicationContext : Closing org.springframework.boot.context.embedded.AnnotationConfigEmbeddedWebApplicationContext@56b43924: startup date [Tue Aug 08 21:58:28 CST 2017]; parent: org.springframework.context.annotation.AnnotationConfigApplicationContext@7bc14b6f
2017-08-09 09:11:41.613  INFO 21027 --- [       Thread-7] c.n.e.EurekaDiscoveryClientConfiguration : Unregistering application catalog-service with eureka with status DOWN
2017-08-09 09:11:41.614  WARN 21027 --- [       Thread-7] com.netflix.discovery.DiscoveryClient    : Saw local status change event StatusChangeEvent [timestamp=1502241101614, current=DOWN, previous=UP]
2017-08-09 09:11:41.614  INFO 21027 --- [nfoReplicator-0] com.netflix.discovery.DiscoveryClient    : DiscoveryClient_CATALOG-SERVICE/172.31.9.15:catalog-service:0: registering service...
2017-08-09 09:11:41.638  INFO 21027 --- [nfoReplicator-0] com.netflix.discovery.DiscoveryClient    : DiscoveryClient_CATALOG-SERVICE/172.31.9.15:catalog-service:0 - registration status: 204
2017-08-09 09:11:41.690  INFO 21027 --- [       Thread-7] com.netflix.discovery.DiscoveryClient    : DiscoveryClient_CATALOG-SERVICE/172.31.9.15:catalog-service:0 - deregister  status: 200
2017-08-09 09:11:41.808  INFO 21027 --- [       Thread-7] o.s.c.support.DefaultLifecycleProcessor  : Stopping beans in phase 2147483647
2017-08-09 09:11:41.812  INFO 21027 --- [       Thread-7] c.n.h.c.m.e.HystrixMetricsPoller         : Stopping the HystrixMetricsPoller
2017-08-09 09:11:41.815  INFO 21027 --- [       Thread-7] o.s.c.support.DefaultLifecycleProcessor  : Stopping beans in phase 0
2017-08-09 09:11:41.837  INFO 21027 --- [       Thread-7] s.c.a.AnnotationConfigApplicationContext : Closing org.springframework.context.annotation.AnnotationConfigApplicationContext@37edb39c: startup date [Tue Aug 08 22:00:42 CST 2017]; parent: org.springframework.boot.context.embedded.AnnotationConfigEmbeddedWebApplicationContext@56b43924
2017-08-09 09:11:41.838  INFO 21027 --- [       Thread-7] c.n.e.EurekaDiscoveryClientConfiguration : Unregistering application catalog-service with eureka with status DOWN
2017-08-09 09:11:41.844  INFO 21027 --- [       Thread-7] c.n.u.concurrent.ShutdownEnabledTimer    : Shutdown hook removed for: NFLoadBalancer-PingTimer-inventory-service
2017-08-09 09:11:41.845  INFO 21027 --- [       Thread-7] c.n.u.concurrent.ShutdownEnabledTimer    : Exception caught (might be ok if at shutdown)

java.lang.IllegalStateException: Shutdown in progress
	at java.lang.ApplicationShutdownHooks.remove(ApplicationShutdownHooks.java:82) ~[na:1.8.0_131]
	at java.lang.Runtime.removeShutdownHook(Runtime.java:239) ~[na:1.8.0_131]
	at com.netflix.util.concurrent.ShutdownEnabledTimer.cancel(ShutdownEnabledTimer.java:70) ~[netflix-commons-util-0.1.1.jar!/:na]
	at com.netflix.loadbalancer.BaseLoadBalancer.cancelPingTask(BaseLoadBalancer.java:614) [ribbon-loadbalancer-2.1.3.jar!/:2.1.3]
	at com.netflix.loadbalancer.BaseLoadBalancer.shutdown(BaseLoadBalancer.java:886) [ribbon-loadbalancer-2.1.3.jar!/:2.1.3]
	at com.netflix.loadbalancer.DynamicServerListLoadBalancer.shutdown(DynamicServerListLoadBalancer.java:375) [ribbon-loadbalancer-2.1.3.jar!/:2.1.3]
	at com.netflix.niws.client.http.RestClient.shutdown(RestClient.java:725) [ribbon-httpclient-2.1.3.jar!/:2.1.3]
	at sun.reflect.NativeMethodAccessorImpl.invoke0(Native Method) ~[na:1.8.0_131]
	at sun.reflect.NativeMethodAccessorImpl.invoke(NativeMethodAccessorImpl.java:62) ~[na:1.8.0_131]
	at sun.reflect.DelegatingMethodAccessorImpl.invoke(DelegatingMethodAccessorImpl.java:43) ~[na:1.8.0_131]
	at java.lang.reflect.Method.invoke(Method.java:498) ~[na:1.8.0_131]
	at org.springframework.beans.factory.support.DisposableBeanAdapter.invokeCustomDestroyMethod(DisposableBeanAdapter.java:354) [spring-beans-4.2.5.RELEASE.jar!/:4.2.5.RELEASE]
	at org.springframework.beans.factory.support.DisposableBeanAdapter.destroy(DisposableBeanAdapter.java:277) [spring-beans-4.2.5.RELEASE.jar!/:4.2.5.RELEASE]
	at org.springframework.beans.factory.support.DefaultSingletonBeanRegistry.destroyBean(DefaultSingletonBeanRegistry.java:578) [spring-beans-4.2.5.RELEASE.jar!/:4.2.5.RELEASE]
	at org.springframework.beans.factory.support.DefaultSingletonBeanRegistry.destroySingleton(DefaultSingletonBeanRegistry.java:554) [spring-beans-4.2.5.RELEASE.jar!/:4.2.5.RELEASE]
	at org.springframework.beans.factory.support.DefaultListableBeanFactory.destroySingleton(DefaultListableBeanFactory.java:972) [spring-beans-4.2.5.RELEASE.jar!/:4.2.5.RELEASE]
	at org.springframework.beans.factory.support.DefaultSingletonBeanRegistry.destroySingletons(DefaultSingletonBeanRegistry.java:523) [spring-beans-4.2.5.RELEASE.jar!/:4.2.5.RELEASE]
	at org.springframework.beans.factory.support.DefaultListableBeanFactory.destroySingletons(DefaultListableBeanFactory.java:979) [spring-beans-4.2.5.RELEASE.jar!/:4.2.5.RELEASE]
	at org.springframework.context.support.AbstractApplicationContext.destroyBeans(AbstractApplicationContext.java:1006) [spring-context-4.2.5.RELEASE.jar!/:4.2.5.RELEASE]
	at org.springframework.context.support.AbstractApplicationContext.doClose(AbstractApplicationContext.java:982) [spring-context-4.2.5.RELEASE.jar!/:4.2.5.RELEASE]
	at org.springframework.context.support.AbstractApplicationContext.close(AbstractApplicationContext.java:934) [spring-context-4.2.5.RELEASE.jar!/:4.2.5.RELEASE]
	at org.springframework.cloud.context.named.NamedContextFactory.destroy(NamedContextFactory.java:66) [spring-cloud-context-1.1.0.RC2.jar!/:1.1.0.RC2]
	at org.springframework.beans.factory.support.DisposableBeanAdapter.destroy(DisposableBeanAdapter.java:262) [spring-beans-4.2.5.RELEASE.jar!/:4.2.5.RELEASE]
	at org.springframework.beans.factory.support.DefaultSingletonBeanRegistry.destroyBean(DefaultSingletonBeanRegistry.java:578) [spring-beans-4.2.5.RELEASE.jar!/:4.2.5.RELEASE]
	at org.springframework.beans.factory.support.DefaultSingletonBeanRegistry.destroySingleton(DefaultSingletonBeanRegistry.java:554) [spring-beans-4.2.5.RELEASE.jar!/:4.2.5.RELEASE]
	at org.springframework.beans.factory.support.DefaultListableBeanFactory.destroySingleton(DefaultListableBeanFactory.java:972) [spring-beans-4.2.5.RELEASE.jar!/:4.2.5.RELEASE]
	at org.springframework.beans.factory.support.DefaultSingletonBeanRegistry.destroySingletons(DefaultSingletonBeanRegistry.java:523) [spring-beans-4.2.5.RELEASE.jar!/:4.2.5.RELEASE]
	at org.springframework.beans.factory.support.DefaultListableBeanFactory.destroySingletons(DefaultListableBeanFactory.java:979) [spring-beans-4.2.5.RELEASE.jar!/:4.2.5.RELEASE]
	at org.springframework.context.support.AbstractApplicationContext.destroyBeans(AbstractApplicationContext.java:1006) [spring-context-4.2.5.RELEASE.jar!/:4.2.5.RELEASE]
	at org.springframework.context.support.AbstractApplicationContext.doClose(AbstractApplicationContext.java:982) [spring-context-4.2.5.RELEASE.jar!/:4.2.5.RELEASE]
	at org.springframework.context.support.AbstractApplicationContext$1.run(AbstractApplicationContext.java:901) [spring-context-4.2.5.RELEASE.jar!/:4.2.5.RELEASE]

2017-08-09 09:11:41.866  INFO 21027 --- [       Thread-7] c.n.u.concurrent.ShutdownEnabledTimer    : Shutdown hook removed for: NFLoadBalancer-PingTimer-inventory-service
2017-08-09 09:11:41.866  INFO 21027 --- [       Thread-7] c.n.u.concurrent.ShutdownEnabledTimer    : Exception caught (might be ok if at shutdown)

java.lang.IllegalStateException: Shutdown in progress
	at java.lang.ApplicationShutdownHooks.remove(ApplicationShutdownHooks.java:82) ~[na:1.8.0_131]
	at java.lang.Runtime.removeShutdownHook(Runtime.java:239) ~[na:1.8.0_131]
	at com.netflix.util.concurrent.ShutdownEnabledTimer.cancel(ShutdownEnabledTimer.java:70) ~[netflix-commons-util-0.1.1.jar!/:na]
	at com.netflix.loadbalancer.BaseLoadBalancer.cancelPingTask(BaseLoadBalancer.java:614) [ribbon-loadbalancer-2.1.3.jar!/:2.1.3]
	at com.netflix.loadbalancer.BaseLoadBalancer.shutdown(BaseLoadBalancer.java:886) [ribbon-loadbalancer-2.1.3.jar!/:2.1.3]
	at com.netflix.loadbalancer.DynamicServerListLoadBalancer.shutdown(DynamicServerListLoadBalancer.java:375) [ribbon-loadbalancer-2.1.3.jar!/:2.1.3]
	at sun.reflect.NativeMethodAccessorImpl.invoke0(Native Method) ~[na:1.8.0_131]
	at sun.reflect.NativeMethodAccessorImpl.invoke(NativeMethodAccessorImpl.java:62) ~[na:1.8.0_131]
	at sun.reflect.DelegatingMethodAccessorImpl.invoke(DelegatingMethodAccessorImpl.java:43) ~[na:1.8.0_131]
	at java.lang.reflect.Method.invoke(Method.java:498) ~[na:1.8.0_131]
	at org.springframework.beans.factory.support.DisposableBeanAdapter.invokeCustomDestroyMethod(DisposableBeanAdapter.java:354) [spring-beans-4.2.5.RELEASE.jar!/:4.2.5.RELEASE]
	at org.springframework.beans.factory.support.DisposableBeanAdapter.destroy(DisposableBeanAdapter.java:277) [spring-beans-4.2.5.RELEASE.jar!/:4.2.5.RELEASE]
	at org.springframework.beans.factory.support.DefaultSingletonBeanRegistry.destroyBean(DefaultSingletonBeanRegistry.java:578) [spring-beans-4.2.5.RELEASE.jar!/:4.2.5.RELEASE]
	at org.springframework.beans.factory.support.DefaultSingletonBeanRegistry.destroySingleton(DefaultSingletonBeanRegistry.java:554) [spring-beans-4.2.5.RELEASE.jar!/:4.2.5.RELEASE]
	at org.springframework.beans.factory.support.DefaultListableBeanFactory.destroySingleton(DefaultListableBeanFactory.java:972) [spring-beans-4.2.5.RELEASE.jar!/:4.2.5.RELEASE]
	at org.springframework.beans.factory.support.DefaultSingletonBeanRegistry.destroySingletons(DefaultSingletonBeanRegistry.java:523) [spring-beans-4.2.5.RELEASE.jar!/:4.2.5.RELEASE]
	at org.springframework.beans.factory.support.DefaultListableBeanFactory.destroySingletons(DefaultListableBeanFactory.java:979) [spring-beans-4.2.5.RELEASE.jar!/:4.2.5.RELEASE]
	at org.springframework.context.support.AbstractApplicationContext.destroyBeans(AbstractApplicationContext.java:1006) [spring-context-4.2.5.RELEASE.jar!/:4.2.5.RELEASE]
	at org.springframework.context.support.AbstractApplicationContext.doClose(AbstractApplicationContext.java:982) [spring-context-4.2.5.RELEASE.jar!/:4.2.5.RELEASE]
	at org.springframework.context.support.AbstractApplicationContext.close(AbstractApplicationContext.java:934) [spring-context-4.2.5.RELEASE.jar!/:4.2.5.RELEASE]
	at org.springframework.cloud.context.named.NamedContextFactory.destroy(NamedContextFactory.java:66) [spring-cloud-context-1.1.0.RC2.jar!/:1.1.0.RC2]
	at org.springframework.beans.factory.support.DisposableBeanAdapter.destroy(DisposableBeanAdapter.java:262) [spring-beans-4.2.5.RELEASE.jar!/:4.2.5.RELEASE]
	at org.springframework.beans.factory.support.DefaultSingletonBeanRegistry.destroyBean(DefaultSingletonBeanRegistry.java:578) [spring-beans-4.2.5.RELEASE.jar!/:4.2.5.RELEASE]
	at org.springframework.beans.factory.support.DefaultSingletonBeanRegistry.destroySingleton(DefaultSingletonBeanRegistry.java:554) [spring-beans-4.2.5.RELEASE.jar!/:4.2.5.RELEASE]
	at org.springframework.beans.factory.support.DefaultListableBeanFactory.destroySingleton(DefaultListableBeanFactory.java:972) [spring-beans-4.2.5.RELEASE.jar!/:4.2.5.RELEASE]
	at org.springframework.beans.factory.support.DefaultSingletonBeanRegistry.destroySingletons(DefaultSingletonBeanRegistry.java:523) [spring-beans-4.2.5.RELEASE.jar!/:4.2.5.RELEASE]
	at org.springframework.beans.factory.support.DefaultListableBeanFactory.destroySingletons(DefaultListableBeanFactory.java:979) [spring-beans-4.2.5.RELEASE.jar!/:4.2.5.RELEASE]
	at org.springframework.context.support.AbstractApplicationContext.destroyBeans(AbstractApplicationContext.java:1006) [spring-context-4.2.5.RELEASE.jar!/:4.2.5.RELEASE]
	at org.springframework.context.support.AbstractApplicationContext.doClose(AbstractApplicationContext.java:982) [spring-context-4.2.5.RELEASE.jar!/:4.2.5.RELEASE]
	at org.springframework.context.support.AbstractApplicationContext$1.run(AbstractApplicationContext.java:901) [spring-context-4.2.5.RELEASE.jar!/:4.2.5.RELEASE]

2017-08-09 09:11:41.890  INFO 21027 --- [       Thread-7] o.s.j.e.a.AnnotationMBeanExporter        : Unregistering JMX-exposed beans on shutdown
2017-08-09 09:11:41.890  INFO 21027 --- [       Thread-7] o.s.j.e.a.AnnotationMBeanExporter        : Unregistering JMX-exposed beans
2017-08-09 09:11:41.958  INFO 21027 --- [       Thread-7] j.LocalContainerEntityManagerFactoryBean : Closing JPA EntityManagerFactory for persistence unit 'default'
